{"total": {"lines":{"total":417,"covered":349,"skipped":0,"pct":83.69},"statements":{"total":443,"covered":365,"skipped":0,"pct":82.39},"functions":{"total":113,"covered":89,"skipped":0,"pct":78.76},"branches":{"total":255,"covered":192,"skipped":0,"pct":75.29},"branchesTrue":{"total":0,"covered":0,"skipped":0,"pct":100}}
,"/home/irahardianto/works/projects/qurio/apps/frontend/src/components/ui/StatusBadge.vue": {"lines":{"total":9,"covered":0,"skipped":0,"pct":0},"functions":{"total":2,"covered":0,"skipped":0,"pct":0},"statements":{"total":9,"covered":0,"skipped":0,"pct":0},"branches":{"total":7,"covered":0,"skipped":0,"pct":0}}
,"/home/irahardianto/works/projects/qurio/apps/frontend/src/components/ui/badge/Badge.vue": {"lines":{"total":2,"covered":0,"skipped":0,"pct":0},"functions":{"total":0,"covered":0,"skipped":0,"pct":100},"statements":{"total":2,"covered":0,"skipped":0,"pct":0},"branches":{"total":0,"covered":0,"skipped":0,"pct":100}}
,"/home/irahardianto/works/projects/qurio/apps/frontend/src/components/ui/badge/index.ts": {"lines":{"total":1,"covered":1,"skipped":0,"pct":100},"functions":{"total":0,"covered":0,"skipped":0,"pct":100},"statements":{"total":1,"covered":1,"skipped":0,"pct":100},"branches":{"total":0,"covered":0,"skipped":0,"pct":100}}
,"/home/irahardianto/works/projects/qurio/apps/frontend/src/components/ui/button/Button.vue": {"lines":{"total":3,"covered":3,"skipped":0,"pct":100},"functions":{"total":1,"covered":1,"skipped":0,"pct":100},"statements":{"total":3,"covered":3,"skipped":0,"pct":100},"branches":{"total":0,"covered":0,"skipped":0,"pct":100}}
,"/home/irahardianto/works/projects/qurio/apps/frontend/src/components/ui/button/index.ts": {"lines":{"total":1,"covered":1,"skipped":0,"pct":100},"functions":{"total":0,"covered":0,"skipped":0,"pct":100},"statements":{"total":1,"covered":1,"skipped":0,"pct":100},"branches":{"total":0,"covered":0,"skipped":0,"pct":100}}
,"/home/irahardianto/works/projects/qurio/apps/frontend/src/components/ui/card/Card.vue": {"lines":{"total":2,"covered":0,"skipped":0,"pct":0},"functions":{"total":0,"covered":0,"skipped":0,"pct":100},"statements":{"total":2,"covered":0,"skipped":0,"pct":0},"branches":{"total":0,"covered":0,"skipped":0,"pct":100}}
,"/home/irahardianto/works/projects/qurio/apps/frontend/src/components/ui/card/CardContent.vue": {"lines":{"total":2,"covered":0,"skipped":0,"pct":0},"functions":{"total":0,"covered":0,"skipped":0,"pct":100},"statements":{"total":2,"covered":0,"skipped":0,"pct":0},"branches":{"total":0,"covered":0,"skipped":0,"pct":100}}
,"/home/irahardianto/works/projects/qurio/apps/frontend/src/components/ui/card/CardDescription.vue": {"lines":{"total":2,"covered":0,"skipped":0,"pct":0},"functions":{"total":0,"covered":0,"skipped":0,"pct":100},"statements":{"total":2,"covered":0,"skipped":0,"pct":0},"branches":{"total":0,"covered":0,"skipped":0,"pct":100}}
,"/home/irahardianto/works/projects/qurio/apps/frontend/src/components/ui/card/CardFooter.vue": {"lines":{"total":2,"covered":0,"skipped":0,"pct":0},"functions":{"total":0,"covered":0,"skipped":0,"pct":100},"statements":{"total":2,"covered":0,"skipped":0,"pct":0},"branches":{"total":0,"covered":0,"skipped":0,"pct":100}}
,"/home/irahardianto/works/projects/qurio/apps/frontend/src/components/ui/card/CardHeader.vue": {"lines":{"total":2,"covered":0,"skipped":0,"pct":0},"functions":{"total":0,"covered":0,"skipped":0,"pct":100},"statements":{"total":2,"covered":0,"skipped":0,"pct":0},"branches":{"total":0,"covered":0,"skipped":0,"pct":100}}
,"/home/irahardianto/works/projects/qurio/apps/frontend/src/components/ui/card/CardTitle.vue": {"lines":{"total":2,"covered":0,"skipped":0,"pct":0},"functions":{"total":0,"covered":0,"skipped":0,"pct":100},"statements":{"total":2,"covered":0,"skipped":0,"pct":0},"branches":{"total":0,"covered":0,"skipped":0,"pct":100}}
,"/home/irahardianto/works/projects/qurio/apps/frontend/src/components/ui/card/index.ts": {"lines":{"total":0,"covered":0,"skipped":0,"pct":100},"functions":{"total":0,"covered":0,"skipped":0,"pct":100},"statements":{"total":0,"covered":0,"skipped":0,"pct":100},"branches":{"total":0,"covered":0,"skipped":0,"pct":100}}
,"/home/irahardianto/works/projects/qurio/apps/frontend/src/components/ui/input/Input.vue": {"lines":{"total":5,"covered":4,"skipped":0,"pct":80},"functions":{"total":1,"covered":0,"skipped":0,"pct":0},"statements":{"total":5,"covered":4,"skipped":0,"pct":80},"branches":{"total":2,"covered":2,"skipped":0,"pct":100}}
,"/home/irahardianto/works/projects/qurio/apps/frontend/src/components/ui/input/index.ts": {"lines":{"total":0,"covered":0,"skipped":0,"pct":100},"functions":{"total":0,"covered":0,"skipped":0,"pct":100},"statements":{"total":0,"covered":0,"skipped":0,"pct":100},"branches":{"total":0,"covered":0,"skipped":0,"pct":100}}
,"/home/irahardianto/works/projects/qurio/apps/frontend/src/components/ui/select/Select.vue": {"lines":{"total":5,"covered":5,"skipped":0,"pct":100},"functions":{"total":1,"covered":1,"skipped":0,"pct":100},"statements":{"total":5,"covered":5,"skipped":0,"pct":100},"branches":{"total":0,"covered":0,"skipped":0,"pct":100}}
,"/home/irahardianto/works/projects/qurio/apps/frontend/src/components/ui/select/SelectContent.vue": {"lines":{"total":8,"covered":8,"skipped":0,"pct":100},"functions":{"total":3,"covered":3,"skipped":0,"pct":100},"statements":{"total":8,"covered":8,"skipped":0,"pct":100},"branches":{"total":4,"covered":4,"skipped":0,"pct":100}}
,"/home/irahardianto/works/projects/qurio/apps/frontend/src/components/ui/select/SelectGroup.vue": {"lines":{"total":4,"covered":0,"skipped":0,"pct":0},"functions":{"total":1,"covered":0,"skipped":0,"pct":0},"statements":{"total":4,"covered":0,"skipped":0,"pct":0},"branches":{"total":0,"covered":0,"skipped":0,"pct":100}}
,"/home/irahardianto/works/projects/qurio/apps/frontend/src/components/ui/select/SelectItem.vue": {"lines":{"total":8,"covered":8,"skipped":0,"pct":100},"functions":{"total":3,"covered":3,"skipped":0,"pct":100},"statements":{"total":8,"covered":8,"skipped":0,"pct":100},"branches":{"total":0,"covered":0,"skipped":0,"pct":100}}
,"/home/irahardianto/works/projects/qurio/apps/frontend/src/components/ui/select/SelectItemText.vue": {"lines":{"total":3,"covered":0,"skipped":0,"pct":0},"functions":{"total":1,"covered":0,"skipped":0,"pct":0},"statements":{"total":3,"covered":0,"skipped":0,"pct":0},"branches":{"total":0,"covered":0,"skipped":0,"pct":100}}
,"/home/irahardianto/works/projects/qurio/apps/frontend/src/components/ui/select/SelectLabel.vue": {"lines":{"total":3,"covered":0,"skipped":0,"pct":0},"functions":{"total":1,"covered":0,"skipped":0,"pct":0},"statements":{"total":3,"covered":0,"skipped":0,"pct":0},"branches":{"total":0,"covered":0,"skipped":0,"pct":100}}
,"/home/irahardianto/works/projects/qurio/apps/frontend/src/components/ui/select/SelectScrollDownButton.vue": {"lines":{"total":5,"covered":4,"skipped":0,"pct":80},"functions":{"total":1,"covered":0,"skipped":0,"pct":0},"statements":{"total":5,"covered":4,"skipped":0,"pct":80},"branches":{"total":0,"covered":0,"skipped":0,"pct":100}}
,"/home/irahardianto/works/projects/qurio/apps/frontend/src/components/ui/select/SelectScrollUpButton.vue": {"lines":{"total":5,"covered":4,"skipped":0,"pct":80},"functions":{"total":1,"covered":0,"skipped":0,"pct":0},"statements":{"total":5,"covered":4,"skipped":0,"pct":80},"branches":{"total":0,"covered":0,"skipped":0,"pct":100}}
,"/home/irahardianto/works/projects/qurio/apps/frontend/src/components/ui/select/SelectSeparator.vue": {"lines":{"total":3,"covered":0,"skipped":0,"pct":0},"functions":{"total":0,"covered":0,"skipped":0,"pct":100},"statements":{"total":3,"covered":0,"skipped":0,"pct":0},"branches":{"total":0,"covered":0,"skipped":0,"pct":100}}
,"/home/irahardianto/works/projects/qurio/apps/frontend/src/components/ui/select/SelectTrigger.vue": {"lines":{"total":6,"covered":6,"skipped":0,"pct":100},"functions":{"total":2,"covered":2,"skipped":0,"pct":100},"statements":{"total":6,"covered":6,"skipped":0,"pct":100},"branches":{"total":0,"covered":0,"skipped":0,"pct":100}}
,"/home/irahardianto/works/projects/qurio/apps/frontend/src/components/ui/select/SelectValue.vue": {"lines":{"total":3,"covered":3,"skipped":0,"pct":100},"functions":{"total":1,"covered":1,"skipped":0,"pct":100},"statements":{"total":3,"covered":3,"skipped":0,"pct":100},"branches":{"total":0,"covered":0,"skipped":0,"pct":100}}
,"/home/irahardianto/works/projects/qurio/apps/frontend/src/components/ui/select/index.ts": {"lines":{"total":0,"covered":0,"skipped":0,"pct":100},"functions":{"total":0,"covered":0,"skipped":0,"pct":100},"statements":{"total":0,"covered":0,"skipped":0,"pct":100},"branches":{"total":0,"covered":0,"skipped":0,"pct":100}}
,"/home/irahardianto/works/projects/qurio/apps/frontend/src/components/ui/textarea/Textarea.vue": {"lines":{"total":5,"covered":0,"skipped":0,"pct":0},"functions":{"total":1,"covered":0,"skipped":0,"pct":0},"statements":{"total":5,"covered":0,"skipped":0,"pct":0},"branches":{"total":2,"covered":0,"skipped":0,"pct":0}}
,"/home/irahardianto/works/projects/qurio/apps/frontend/src/components/ui/textarea/index.ts": {"lines":{"total":0,"covered":0,"skipped":0,"pct":100},"functions":{"total":0,"covered":0,"skipped":0,"pct":100},"statements":{"total":0,"covered":0,"skipped":0,"pct":100},"branches":{"total":0,"covered":0,"skipped":0,"pct":100}}
,"/home/irahardianto/works/projects/qurio/apps/frontend/src/components/ui/tooltip/Tooltip.vue": {"lines":{"total":5,"covered":5,"skipped":0,"pct":100},"functions":{"total":1,"covered":1,"skipped":0,"pct":100},"statements":{"total":5,"covered":5,"skipped":0,"pct":100},"branches":{"total":0,"covered":0,"skipped":0,"pct":100}}
,"/home/irahardianto/works/projects/qurio/apps/frontend/src/components/ui/tooltip/TooltipContent.vue": {"lines":{"total":8,"covered":7,"skipped":0,"pct":87.5},"functions":{"total":2,"covered":1,"skipped":0,"pct":50},"statements":{"total":8,"covered":7,"skipped":0,"pct":87.5},"branches":{"total":0,"covered":0,"skipped":0,"pct":100}}
,"/home/irahardianto/works/projects/qurio/apps/frontend/src/components/ui/tooltip/TooltipProvider.vue": {"lines":{"total":3,"covered":3,"skipped":0,"pct":100},"functions":{"total":1,"covered":1,"skipped":0,"pct":100},"statements":{"total":3,"covered":3,"skipped":0,"pct":100},"branches":{"total":0,"covered":0,"skipped":0,"pct":100}}
,"/home/irahardianto/works/projects/qurio/apps/frontend/src/components/ui/tooltip/TooltipTrigger.vue": {"lines":{"total":3,"covered":3,"skipped":0,"pct":100},"functions":{"total":1,"covered":1,"skipped":0,"pct":100},"statements":{"total":3,"covered":3,"skipped":0,"pct":100},"branches":{"total":0,"covered":0,"skipped":0,"pct":100}}
,"/home/irahardianto/works/projects/qurio/apps/frontend/src/components/ui/tooltip/index.ts": {"lines":{"total":0,"covered":0,"skipped":0,"pct":100},"functions":{"total":0,"covered":0,"skipped":0,"pct":100},"statements":{"total":0,"covered":0,"skipped":0,"pct":100},"branches":{"total":0,"covered":0,"skipped":0,"pct":100}}
,"/home/irahardianto/works/projects/qurio/apps/frontend/src/features/jobs/job.store.ts": {"lines":{"total":22,"covered":21,"skipped":0,"pct":95.45},"functions":{"total":4,"covered":4,"skipped":0,"pct":100},"statements":{"total":25,"covered":23,"skipped":0,"pct":92},"branches":{"total":8,"covered":4,"skipped":0,"pct":50}}
,"/home/irahardianto/works/projects/qurio/apps/frontend/src/features/settings/Settings.vue": {"lines":{"total":31,"covered":24,"skipped":0,"pct":77.41},"functions":{"total":21,"covered":14,"skipped":0,"pct":66.66},"statements":{"total":33,"covered":26,"skipped":0,"pct":78.78},"branches":{"total":46,"covered":40,"skipped":0,"pct":86.95}}
,"/home/irahardianto/works/projects/qurio/apps/frontend/src/features/settings/settings.store.ts": {"lines":{"total":34,"covered":33,"skipped":0,"pct":97.05},"functions":{"total":4,"covered":3,"skipped":0,"pct":75},"statements":{"total":37,"covered":34,"skipped":0,"pct":91.89},"branches":{"total":16,"covered":12,"skipped":0,"pct":75}}
,"/home/irahardianto/works/projects/qurio/apps/frontend/src/features/sources/SourceForm.vue": {"lines":{"total":61,"covered":54,"skipped":0,"pct":88.52},"functions":{"total":15,"covered":11,"skipped":0,"pct":73.33},"statements":{"total":63,"covered":55,"skipped":0,"pct":87.3},"branches":{"total":78,"covered":61,"skipped":0,"pct":78.2}}
,"/home/irahardianto/works/projects/qurio/apps/frontend/src/features/sources/SourceList.vue": {"lines":{"total":24,"covered":23,"skipped":0,"pct":95.83},"functions":{"total":16,"covered":15,"skipped":0,"pct":93.75},"statements":{"total":26,"covered":25,"skipped":0,"pct":96.15},"branches":{"total":22,"covered":20,"skipped":0,"pct":90.9}}
,"/home/irahardianto/works/projects/qurio/apps/frontend/src/features/sources/SourceProgress.vue": {"lines":{"total":35,"covered":35,"skipped":0,"pct":100},"functions":{"total":11,"covered":11,"skipped":0,"pct":100},"statements":{"total":39,"covered":39,"skipped":0,"pct":100},"branches":{"total":22,"covered":22,"skipped":0,"pct":100}}
,"/home/irahardianto/works/projects/qurio/apps/frontend/src/features/sources/source.store.ts": {"lines":{"total":85,"covered":79,"skipped":0,"pct":92.94},"functions":{"total":14,"covered":13,"skipped":0,"pct":92.85},"statements":{"total":94,"covered":82,"skipped":0,"pct":87.23},"branches":{"total":44,"covered":24,"skipped":0,"pct":54.54}}
,"/home/irahardianto/works/projects/qurio/apps/frontend/src/features/stats/stats.store.ts": {"lines":{"total":14,"covered":14,"skipped":0,"pct":100},"functions":{"total":2,"covered":2,"skipped":0,"pct":100},"statements":{"total":15,"covered":15,"skipped":0,"pct":100},"branches":{"total":4,"covered":3,"skipped":0,"pct":75}}
,"/home/irahardianto/works/projects/qurio/apps/frontend/src/lib/utils.ts": {"lines":{"total":1,"covered":1,"skipped":0,"pct":100},"functions":{"total":1,"covered":1,"skipped":0,"pct":100},"statements":{"total":1,"covered":1,"skipped":0,"pct":100},"branches":{"total":0,"covered":0,"skipped":0,"pct":100}}
}
