{"/home/irahardianto/works/projects/qurio/apps/frontend/src/components/ui/StatusBadge.vue": {"path":"/home/irahardianto/works/projects/qurio/apps/frontend/src/components/ui/StatusBadge.vue","statementMap":{"0":{"start":{"line":5,"column":14},"end":{"line":5,"column":null}},"1":{"start":{"line":9,"column":6},"end":{"line":23,"column":null}},"2":{"start":{"line":10,"column":2},"end":{"line":22,"column":null}},"3":{"start":{"line":13,"column":6},"end":{"line":13,"column":null}},"4":{"start":{"line":17,"column":6},"end":{"line":17,"column":null}},"5":{"start":{"line":19,"column":6},"end":{"line":19,"column":null}},"6":{"start":{"line":21,"column":6},"end":{"line":21,"column":null}},"7":{"start":{"line":27,"column":2},"end":{"line":31,"column":16}},"8":{"start":{"line":31,"column":16},"end":{"line":31,"column":16}}},"fnMap":{"0":{"name":"(anonymous_0)","decl":{"start":{"line":9,"column":25},"end":{"line":9,"column":31}},"loc":{"start":{"line":9,"column":31},"end":{"line":23,"column":1}},"line":9},"1":{"name":"(anonymous_1)","decl":{"start":{"line":31,"column":4},"end":{"line":31,"column":7}},"loc":{"start":{"line":31,"column":16},"end":{"line":31,"column":16}},"line":31}},"branchMap":{"0":{"loc":{"start":{"line":10,"column":2},"end":{"line":22,"column":null}},"type":"switch","locations":[{"start":{"line":11,"column":4},"end":{"line":11,"column":null}},{"start":{"line":12,"column":4},"end":{"line":13,"column":null}},{"start":{"line":14,"column":4},"end":{"line":14,"column":null}},{"start":{"line":15,"column":4},"end":{"line":15,"column":null}},{"start":{"line":16,"column":4},"end":{"line":17,"column":null}},{"start":{"line":18,"column":4},"end":{"line":19,"column":null}},{"start":{"line":20,"column":4},"end":{"line":21,"column":null}}],"line":10}},"s":{"0":0,"1":0,"2":0,"3":0,"4":0,"5":0,"6":0,"7":0,"8":0},"f":{"0":0,"1":0},"b":{"0":[0,0,0,0,0,0,0]},"meta":{"lastBranch":1,"lastFunction":2,"lastStatement":9,"seen":{"s:5:14:5:Infinity":0,"s:9:6:23:Infinity":1,"f:9:25:9:31":0,"b:11:4:11:Infinity:12:4:13:Infinity:14:4:14:Infinity:15:4:15:Infinity:16:4:17:Infinity:18:4:19:Infinity:20:4:21:Infinity":0,"s:10:2:22:Infinity":2,"s:13:6:13:Infinity":3,"s:17:6:17:Infinity":4,"s:19:6:19:Infinity":5,"s:21:6:21:Infinity":6,"s:27:2:31:16":7,"f:31:4:31:7":1,"s:31:16:31:16":8}}}
,"/home/irahardianto/works/projects/qurio/apps/frontend/src/components/ui/badge/Badge.vue": {"path":"/home/irahardianto/works/projects/qurio/apps/frontend/src/components/ui/badge/Badge.vue","statementMap":{"0":{"start":{"line":7,"column":14},"end":{"line":7,"column":null}},"1":{"start":{"line":14,"column":2},"end":{"line":15,"column":null}}},"fnMap":{},"branchMap":{},"s":{"0":0,"1":0},"f":{},"b":{},"meta":{"lastBranch":0,"lastFunction":0,"lastStatement":2,"seen":{"s:7:14:7:Infinity":0,"s:14:2:15:Infinity":1}}}
,"/home/irahardianto/works/projects/qurio/apps/frontend/src/components/ui/badge/index.ts": {"path":"/home/irahardianto/works/projects/qurio/apps/frontend/src/components/ui/badge/index.ts","statementMap":{"0":{"start":{"line":6,"column":13},"end":{"line":24,"column":null}}},"fnMap":{},"branchMap":{},"s":{"0":2},"f":{},"b":{},"meta":{"lastBranch":0,"lastFunction":0,"lastStatement":1,"seen":{"s:6:13:24:Infinity":0}}}
,"/home/irahardianto/works/projects/qurio/apps/frontend/src/components/ui/button/Button.vue": {"path":"/home/irahardianto/works/projects/qurio/apps/frontend/src/components/ui/button/Button.vue","statementMap":{"0":{"start":{"line":15,"column":14},"end":{"line":15,"column":null}},"1":{"start":{"line":21,"column":2},"end":{"line":26,"column":null}},"2":{"start":{"line":26,"column":12},"end":{"line":26,"column":null}}},"fnMap":{"0":{"name":"(anonymous_0)","decl":{"start":{"line":26,"column":4},"end":{"line":26,"column":12}},"loc":{"start":{"line":26,"column":12},"end":{"line":26,"column":null}},"line":26}},"branchMap":{},"s":{"0":3,"1":5,"2":5},"f":{"0":5},"b":{},"meta":{"lastBranch":0,"lastFunction":1,"lastStatement":3,"seen":{"s:15:14:15:Infinity":0,"s:21:2:26:Infinity":1,"f:26:4:26:12":0,"s:26:12:26:Infinity":2}}}
,"/home/irahardianto/works/projects/qurio/apps/frontend/src/components/ui/button/index.ts": {"path":"/home/irahardianto/works/projects/qurio/apps/frontend/src/components/ui/button/index.ts","statementMap":{"0":{"start":{"line":6,"column":13},"end":{"line":36,"column":null}}},"fnMap":{},"branchMap":{},"s":{"0":3},"f":{},"b":{},"meta":{"lastBranch":0,"lastFunction":0,"lastStatement":1,"seen":{"s:6:13:36:Infinity":0}}}
,"/home/irahardianto/works/projects/qurio/apps/frontend/src/components/ui/card/Card.vue": {"path":"/home/irahardianto/works/projects/qurio/apps/frontend/src/components/ui/card/Card.vue","statementMap":{"0":{"start":{"line":5,"column":14},"end":{"line":5,"column":null}},"1":{"start":{"line":11,"column":2},"end":{"line":19,"column":null}}},"fnMap":{},"branchMap":{},"s":{"0":0,"1":0},"f":{},"b":{},"meta":{"lastBranch":0,"lastFunction":0,"lastStatement":2,"seen":{"s:5:14:5:Infinity":0,"s:11:2:19:Infinity":1}}}
,"/home/irahardianto/works/projects/qurio/apps/frontend/src/components/ui/card/CardContent.vue": {"path":"/home/irahardianto/works/projects/qurio/apps/frontend/src/components/ui/card/CardContent.vue","statementMap":{"0":{"start":{"line":5,"column":14},"end":{"line":5,"column":null}},"1":{"start":{"line":11,"column":2},"end":{"line":12,"column":null}}},"fnMap":{},"branchMap":{},"s":{"0":0,"1":0},"f":{},"b":{},"meta":{"lastBranch":0,"lastFunction":0,"lastStatement":2,"seen":{"s:5:14:5:Infinity":0,"s:11:2:12:Infinity":1}}}
,"/home/irahardianto/works/projects/qurio/apps/frontend/src/components/ui/card/CardDescription.vue": {"path":"/home/irahardianto/works/projects/qurio/apps/frontend/src/components/ui/card/CardDescription.vue","statementMap":{"0":{"start":{"line":5,"column":14},"end":{"line":5,"column":null}},"1":{"start":{"line":11,"column":2},"end":{"line":12,"column":null}}},"fnMap":{},"branchMap":{},"s":{"0":0,"1":0},"f":{},"b":{},"meta":{"lastBranch":0,"lastFunction":0,"lastStatement":2,"seen":{"s:5:14:5:Infinity":0,"s:11:2:12:Infinity":1}}}
,"/home/irahardianto/works/projects/qurio/apps/frontend/src/components/ui/card/CardFooter.vue": {"path":"/home/irahardianto/works/projects/qurio/apps/frontend/src/components/ui/card/CardFooter.vue","statementMap":{"0":{"start":{"line":5,"column":14},"end":{"line":5,"column":null}},"1":{"start":{"line":11,"column":2},"end":{"line":12,"column":null}}},"fnMap":{},"branchMap":{},"s":{"0":0,"1":0},"f":{},"b":{},"meta":{"lastBranch":0,"lastFunction":0,"lastStatement":2,"seen":{"s:5:14:5:Infinity":0,"s:11:2:12:Infinity":1}}}
,"/home/irahardianto/works/projects/qurio/apps/frontend/src/components/ui/card/CardHeader.vue": {"path":"/home/irahardianto/works/projects/qurio/apps/frontend/src/components/ui/card/CardHeader.vue","statementMap":{"0":{"start":{"line":5,"column":14},"end":{"line":5,"column":null}},"1":{"start":{"line":11,"column":2},"end":{"line":12,"column":null}}},"fnMap":{},"branchMap":{},"s":{"0":0,"1":0},"f":{},"b":{},"meta":{"lastBranch":0,"lastFunction":0,"lastStatement":2,"seen":{"s:5:14:5:Infinity":0,"s:11:2:12:Infinity":1}}}
,"/home/irahardianto/works/projects/qurio/apps/frontend/src/components/ui/card/CardTitle.vue": {"path":"/home/irahardianto/works/projects/qurio/apps/frontend/src/components/ui/card/CardTitle.vue","statementMap":{"0":{"start":{"line":5,"column":14},"end":{"line":5,"column":null}},"1":{"start":{"line":11,"column":2},"end":{"line":16,"column":null}}},"fnMap":{},"branchMap":{},"s":{"0":0,"1":0},"f":{},"b":{},"meta":{"lastBranch":0,"lastFunction":0,"lastStatement":2,"seen":{"s:5:14:5:Infinity":0,"s:11:2:16:Infinity":1}}}
,"/home/irahardianto/works/projects/qurio/apps/frontend/src/components/ui/card/index.ts": {"path":"/home/irahardianto/works/projects/qurio/apps/frontend/src/components/ui/card/index.ts","statementMap":{},"fnMap":{},"branchMap":{},"s":{},"f":{},"b":{},"meta":{"lastBranch":0,"lastFunction":0,"lastStatement":0,"seen":{}}}
,"/home/irahardianto/works/projects/qurio/apps/frontend/src/components/ui/input/Input.vue": {"path":"/home/irahardianto/works/projects/qurio/apps/frontend/src/components/ui/input/Input.vue","statementMap":{"0":{"start":{"line":6,"column":14},"end":{"line":6,"column":null}},"1":{"start":{"line":12,"column":14},"end":{"line":12,"column":null}},"2":{"start":{"line":16,"column":6},"end":{"line":19,"column":null}},"3":{"start":{"line":23,"column":2},"end":{"line":24,"column":null}},"4":{"start":{"line":24,"column":13},"end":{"line":24,"column":null}}},"fnMap":{"0":{"name":"(anonymous_0)","decl":{"start":{"line":26,"column":3},"end":{"line":26,"column":null}},"loc":{"start":{"line":24,"column":13},"end":{"line":24,"column":null}},"line":24}},"branchMap":{"0":{"loc":{"start":{"line":26,"column":3},"end":{"line":24,"column":null}},"type":"binary-expr","locations":[{"start":{"line":26,"column":3},"end":{"line":26,"column":null}},{"start":{"line":26,"column":3},"end":{"line":24,"column":null}}],"line":26}},"s":{"0":7,"1":7,"2":7,"3":7,"4":0},"f":{"0":0},"b":{"0":[7,7]},"meta":{"lastBranch":1,"lastFunction":1,"lastStatement":5,"seen":{"s:6:14:6:Infinity":0,"s:12:14:12:Infinity":1,"s:16:6:19:Infinity":2,"s:23:2:24:Infinity":3,"b:26:3:26:Infinity:26:3:24:Infinity":0,"f:26:3:26:Infinity":0,"s:24:13:24:Infinity":4}}}
,"/home/irahardianto/works/projects/qurio/apps/frontend/src/components/ui/input/index.ts": {"path":"/home/irahardianto/works/projects/qurio/apps/frontend/src/components/ui/input/index.ts","statementMap":{},"fnMap":{},"branchMap":{},"s":{},"f":{},"b":{},"meta":{"lastBranch":0,"lastFunction":0,"lastStatement":0,"seen":{}}}
,"/home/irahardianto/works/projects/qurio/apps/frontend/src/components/ui/select/Select.vue": {"path":"/home/irahardianto/works/projects/qurio/apps/frontend/src/components/ui/select/Select.vue","statementMap":{"0":{"start":{"line":5,"column":14},"end":{"line":5,"column":null}},"1":{"start":{"line":6,"column":14},"end":{"line":6,"column":null}},"2":{"start":{"line":8,"column":6},"end":{"line":8,"column":null}},"3":{"start":{"line":12,"column":2},"end":{"line":13,"column":null}},"4":{"start":{"line":13,"column":12},"end":{"line":13,"column":null}}},"fnMap":{"0":{"name":"(anonymous_0)","decl":{"start":{"line":13,"column":4},"end":{"line":13,"column":12}},"loc":{"start":{"line":13,"column":12},"end":{"line":13,"column":null}},"line":13}},"branchMap":{},"s":{"0":3,"1":3,"2":3,"3":4,"4":7},"f":{"0":7},"b":{},"meta":{"lastBranch":0,"lastFunction":1,"lastStatement":5,"seen":{"s:5:14:5:Infinity":0,"s:6:14:6:Infinity":1,"s:8:6:8:Infinity":2,"s:12:2:13:Infinity":3,"f:13:4:13:12":0,"s:13:12:13:Infinity":4}}}
,"/home/irahardianto/works/projects/qurio/apps/frontend/src/components/ui/select/SelectContent.vue": {"path":"/home/irahardianto/works/projects/qurio/apps/frontend/src/components/ui/select/SelectContent.vue","statementMap":{"0":{"start":{"line":18,"column":14},"end":{"line":18,"column":null}},"1":{"start":{"line":24,"column":14},"end":{"line":24,"column":null}},"2":{"start":{"line":26,"column":6},"end":{"line":26,"column":null}},"3":{"start":{"line":28,"column":6},"end":{"line":28,"column":null}},"4":{"start":{"line":32,"column":2},"end":{"line":47,"column":null}},"5":{"start":{"line":48,"column":20},"end":{"line":47,"column":null}},"6":{"start":{"line":43,"column":30},"end":{"line":47,"column":null}},"7":{"start":{"line":45,"column":16},"end":{"line":45,"column":null}}},"fnMap":{"0":{"name":"(anonymous_0)","decl":{"start":{"line":33,"column":4},"end":{"line":33,"column":null}},"loc":{"start":{"line":48,"column":20},"end":{"line":47,"column":null}},"line":48},"1":{"name":"(anonymous_1)","decl":{"start":{"line":43,"column":6},"end":{"line":43,"column":30}},"loc":{"start":{"line":43,"column":30},"end":{"line":47,"column":null}},"line":43},"2":{"name":"(anonymous_2)","decl":{"start":{"line":45,"column":8},"end":{"line":45,"column":16}},"loc":{"start":{"line":45,"column":16},"end":{"line":45,"column":null}},"line":45}},"branchMap":{"0":{"loc":{"start":{"line":35,"column":485},"end":{"line":35,"column":659}},"type":"binary-expr","locations":[{"start":{"line":35,"column":485},"end":{"line":35,"column":659}},{"start":{"line":35,"column":493},"end":{"line":35,"column":659}}],"line":35},"1":{"loc":{"start":{"line":44,"column":40},"end":{"line":44,"column":null}},"type":"binary-expr","locations":[{"start":{"line":44,"column":40},"end":{"line":44,"column":null}},{"start":{"line":44,"column":48},"end":{"line":44,"column":null}}],"line":44}},"s":{"0":3,"1":3,"2":3,"3":3,"4":3,"5":3,"6":3,"7":3},"f":{"0":3,"1":3,"2":3},"b":{"0":[3,3],"1":[3,3]},"meta":{"lastBranch":2,"lastFunction":3,"lastStatement":8,"seen":{"s:18:14:18:Infinity":0,"s:24:14:24:Infinity":1,"s:26:6:26:Infinity":2,"s:28:6:28:Infinity":3,"s:32:2:47:Infinity":4,"f:33:4:33:Infinity":0,"s:48:20:47:Infinity":5,"b:35:485:35:659:35:493:35:659":0,"f:43:6:43:30":1,"s:43:30:47:Infinity":6,"b:44:40:44:Infinity:44:48:44:Infinity":1,"f:45:8:45:16":2,"s:45:16:45:Infinity":7}}}
,"/home/irahardianto/works/projects/qurio/apps/frontend/src/components/ui/select/SelectGroup.vue": {"path":"/home/irahardianto/works/projects/qurio/apps/frontend/src/components/ui/select/SelectGroup.vue","statementMap":{"0":{"start":{"line":8,"column":14},"end":{"line":8,"column":null}},"1":{"start":{"line":10,"column":6},"end":{"line":10,"column":null}},"2":{"start":{"line":14,"column":2},"end":{"line":18,"column":null}},"3":{"start":{"line":18,"column":12},"end":{"line":18,"column":null}}},"fnMap":{"0":{"name":"(anonymous_0)","decl":{"start":{"line":18,"column":4},"end":{"line":18,"column":12}},"loc":{"start":{"line":18,"column":12},"end":{"line":18,"column":null}},"line":18}},"branchMap":{},"s":{"0":0,"1":0,"2":0,"3":0},"f":{"0":0},"b":{},"meta":{"lastBranch":0,"lastFunction":1,"lastStatement":4,"seen":{"s:8:14:8:Infinity":0,"s:10:6:10:Infinity":1,"s:14:2:18:Infinity":2,"f:18:4:18:12":0,"s:18:12:18:Infinity":3}}}
,"/home/irahardianto/works/projects/qurio/apps/frontend/src/components/ui/select/SelectItem.vue": {"path":"/home/irahardianto/works/projects/qurio/apps/frontend/src/components/ui/select/SelectItem.vue","statementMap":{"0":{"start":{"line":14,"column":14},"end":{"line":14,"column":null}},"1":{"start":{"line":16,"column":6},"end":{"line":16,"column":null}},"2":{"start":{"line":18,"column":6},"end":{"line":18,"column":null}},"3":{"start":{"line":31,"column":10},"end":{"line":31,"column":null}},"4":{"start":{"line":22,"column":2},"end":{"line":38,"column":null}},"5":{"start":{"line":35,"column":11},"end":{"line":38,"column":null}},"6":{"start":{"line":33,"column":33},"end":{"line":33,"column":33}},"7":{"start":{"line":38,"column":14},"end":{"line":38,"column":null}}},"fnMap":{"0":{"name":"(anonymous_0)","decl":{"start":{"line":31,"column":4},"end":{"line":31,"column":10}},"loc":{"start":{"line":35,"column":11},"end":{"line":38,"column":null}},"line":35},"1":{"name":"(anonymous_1)","decl":{"start":{"line":33,"column":8},"end":{"line":33,"column":15}},"loc":{"start":{"line":33,"column":33},"end":{"line":33,"column":33}},"line":33},"2":{"name":"(anonymous_2)","decl":{"start":{"line":38,"column":6},"end":{"line":38,"column":14}},"loc":{"start":{"line":38,"column":14},"end":{"line":38,"column":null}},"line":38}},"branchMap":{},"s":{"0":9,"1":9,"2":9,"3":1,"4":9,"5":20,"6":7,"7":20},"f":{"0":20,"1":7,"2":20},"b":{},"meta":{"lastBranch":0,"lastFunction":3,"lastStatement":8,"seen":{"s:14:14:14:Infinity":0,"s:16:6:16:Infinity":1,"s:18:6:18:Infinity":2,"s:31:10:31:Infinity":3,"s:22:2:38:Infinity":4,"f:31:4:31:10":0,"s:35:11:38:Infinity":5,"f:33:8:33:15":1,"s:33:33:33:33":6,"f:38:6:38:14":2,"s:38:14:38:Infinity":7}}}
,"/home/irahardianto/works/projects/qurio/apps/frontend/src/components/ui/select/SelectItemText.vue": {"path":"/home/irahardianto/works/projects/qurio/apps/frontend/src/components/ui/select/SelectItemText.vue","statementMap":{"0":{"start":{"line":5,"column":14},"end":{"line":5,"column":null}},"1":{"start":{"line":9,"column":2},"end":{"line":10,"column":null}},"2":{"start":{"line":10,"column":12},"end":{"line":10,"column":null}}},"fnMap":{"0":{"name":"(anonymous_0)","decl":{"start":{"line":10,"column":4},"end":{"line":10,"column":12}},"loc":{"start":{"line":10,"column":12},"end":{"line":10,"column":null}},"line":10}},"branchMap":{},"s":{"0":0,"1":0,"2":0},"f":{"0":0},"b":{},"meta":{"lastBranch":0,"lastFunction":1,"lastStatement":3,"seen":{"s:5:14:5:Infinity":0,"s:9:2:10:Infinity":1,"f:10:4:10:12":0,"s:10:12:10:Infinity":2}}}
,"/home/irahardianto/works/projects/qurio/apps/frontend/src/components/ui/select/SelectLabel.vue": {"path":"/home/irahardianto/works/projects/qurio/apps/frontend/src/components/ui/select/SelectLabel.vue","statementMap":{"0":{"start":{"line":7,"column":14},"end":{"line":7,"column":null}},"1":{"start":{"line":11,"column":2},"end":{"line":12,"column":null}},"2":{"start":{"line":12,"column":12},"end":{"line":12,"column":null}}},"fnMap":{"0":{"name":"(anonymous_0)","decl":{"start":{"line":12,"column":4},"end":{"line":12,"column":12}},"loc":{"start":{"line":12,"column":12},"end":{"line":12,"column":null}},"line":12}},"branchMap":{},"s":{"0":0,"1":0,"2":0},"f":{"0":0},"b":{},"meta":{"lastBranch":0,"lastFunction":1,"lastStatement":3,"seen":{"s:7:14:7:Infinity":0,"s:11:2:12:Infinity":1,"f:12:4:12:12":0,"s:12:12:12:Infinity":2}}}
,"/home/irahardianto/works/projects/qurio/apps/frontend/src/components/ui/select/SelectScrollDownButton.vue": {"path":"/home/irahardianto/works/projects/qurio/apps/frontend/src/components/ui/select/SelectScrollDownButton.vue","statementMap":{"0":{"start":{"line":9,"column":14},"end":{"line":9,"column":null}},"1":{"start":{"line":11,"column":6},"end":{"line":11,"column":null}},"2":{"start":{"line":13,"column":6},"end":{"line":13,"column":null}},"3":{"start":{"line":17,"column":2},"end":{"line":22,"column":null}},"4":{"start":{"line":23,"column":11},"end":{"line":22,"column":null}}},"fnMap":{"0":{"name":"(anonymous_0)","decl":{"start":{"line":21,"column":4},"end":{"line":21,"column":null}},"loc":{"start":{"line":23,"column":11},"end":{"line":22,"column":null}},"line":23}},"branchMap":{},"s":{"0":3,"1":3,"2":3,"3":3,"4":0},"f":{"0":0},"b":{},"meta":{"lastBranch":0,"lastFunction":1,"lastStatement":5,"seen":{"s:9:14:9:Infinity":0,"s:11:6:11:Infinity":1,"s:13:6:13:Infinity":2,"s:17:2:22:Infinity":3,"f:21:4:21:Infinity":0,"s:23:11:22:Infinity":4}}}
,"/home/irahardianto/works/projects/qurio/apps/frontend/src/components/ui/select/SelectScrollUpButton.vue": {"path":"/home/irahardianto/works/projects/qurio/apps/frontend/src/components/ui/select/SelectScrollUpButton.vue","statementMap":{"0":{"start":{"line":9,"column":14},"end":{"line":9,"column":null}},"1":{"start":{"line":11,"column":6},"end":{"line":11,"column":null}},"2":{"start":{"line":13,"column":6},"end":{"line":13,"column":null}},"3":{"start":{"line":17,"column":2},"end":{"line":22,"column":null}},"4":{"start":{"line":23,"column":11},"end":{"line":22,"column":null}}},"fnMap":{"0":{"name":"(anonymous_0)","decl":{"start":{"line":21,"column":4},"end":{"line":21,"column":null}},"loc":{"start":{"line":23,"column":11},"end":{"line":22,"column":null}},"line":23}},"branchMap":{},"s":{"0":3,"1":3,"2":3,"3":3,"4":0},"f":{"0":0},"b":{},"meta":{"lastBranch":0,"lastFunction":1,"lastStatement":5,"seen":{"s:9:14:9:Infinity":0,"s:11:6:11:Infinity":1,"s:13:6:13:Infinity":2,"s:17:2:22:Infinity":3,"f:21:4:21:Infinity":0,"s:23:11:22:Infinity":4}}}
,"/home/irahardianto/works/projects/qurio/apps/frontend/src/components/ui/select/SelectSeparator.vue": {"path":"/home/irahardianto/works/projects/qurio/apps/frontend/src/components/ui/select/SelectSeparator.vue","statementMap":{"0":{"start":{"line":8,"column":14},"end":{"line":8,"column":null}},"1":{"start":{"line":10,"column":6},"end":{"line":10,"column":null}},"2":{"start":{"line":14,"column":2},"end":{"line":16,"column":null}}},"fnMap":{},"branchMap":{},"s":{"0":0,"1":0,"2":0},"f":{},"b":{},"meta":{"lastBranch":0,"lastFunction":0,"lastStatement":3,"seen":{"s:8:14:8:Infinity":0,"s:10:6:10:Infinity":1,"s:14:2:16:Infinity":2}}}
,"/home/irahardianto/works/projects/qurio/apps/frontend/src/components/ui/select/SelectTrigger.vue": {"path":"/home/irahardianto/works/projects/qurio/apps/frontend/src/components/ui/select/SelectTrigger.vue","statementMap":{"0":{"start":{"line":9,"column":14},"end":{"line":9,"column":null}},"1":{"start":{"line":11,"column":6},"end":{"line":11,"column":null}},"2":{"start":{"line":13,"column":6},"end":{"line":13,"column":null}},"3":{"start":{"line":17,"column":2},"end":{"line":26,"column":57}},"4":{"start":{"line":24,"column":12},"end":{"line":26,"column":57}},"5":{"start":{"line":26,"column":57},"end":{"line":26,"column":57}}},"fnMap":{"0":{"name":"(anonymous_0)","decl":{"start":{"line":24,"column":4},"end":{"line":24,"column":12}},"loc":{"start":{"line":24,"column":12},"end":{"line":26,"column":57}},"line":24},"1":{"name":"(anonymous_1)","decl":{"start":{"line":26,"column":6},"end":{"line":26,"column":19}},"loc":{"start":{"line":26,"column":57},"end":{"line":26,"column":57}},"line":26}},"branchMap":{},"s":{"0":3,"1":3,"2":3,"3":3,"4":4,"5":4},"f":{"0":4,"1":4},"b":{},"meta":{"lastBranch":0,"lastFunction":2,"lastStatement":6,"seen":{"s:9:14:9:Infinity":0,"s:11:6:11:Infinity":1,"s:13:6:13:Infinity":2,"s:17:2:26:57":3,"f:24:4:24:12":0,"s:24:12:26:57":4,"f:26:6:26:19":1,"s:26:57:26:57":5}}}
,"/home/irahardianto/works/projects/qurio/apps/frontend/src/components/ui/select/SelectValue.vue": {"path":"/home/irahardianto/works/projects/qurio/apps/frontend/src/components/ui/select/SelectValue.vue","statementMap":{"0":{"start":{"line":5,"column":14},"end":{"line":5,"column":null}},"1":{"start":{"line":9,"column":2},"end":{"line":10,"column":null}},"2":{"start":{"line":10,"column":12},"end":{"line":10,"column":null}}},"fnMap":{"0":{"name":"(anonymous_0)","decl":{"start":{"line":10,"column":4},"end":{"line":10,"column":12}},"loc":{"start":{"line":10,"column":12},"end":{"line":10,"column":null}},"line":10}},"branchMap":{},"s":{"0":3,"1":3,"2":7},"f":{"0":7},"b":{},"meta":{"lastBranch":0,"lastFunction":1,"lastStatement":3,"seen":{"s:5:14:5:Infinity":0,"s:9:2:10:Infinity":1,"f:10:4:10:12":0,"s:10:12:10:Infinity":2}}}
,"/home/irahardianto/works/projects/qurio/apps/frontend/src/components/ui/select/index.ts": {"path":"/home/irahardianto/works/projects/qurio/apps/frontend/src/components/ui/select/index.ts","statementMap":{},"fnMap":{},"branchMap":{},"s":{},"f":{},"b":{},"meta":{"lastBranch":0,"lastFunction":0,"lastStatement":0,"seen":{}}}
,"/home/irahardianto/works/projects/qurio/apps/frontend/src/components/ui/textarea/Textarea.vue": {"path":"/home/irahardianto/works/projects/qurio/apps/frontend/src/components/ui/textarea/Textarea.vue","statementMap":{"0":{"start":{"line":6,"column":14},"end":{"line":6,"column":null}},"1":{"start":{"line":12,"column":14},"end":{"line":12,"column":null}},"2":{"start":{"line":16,"column":6},"end":{"line":19,"column":null}},"3":{"start":{"line":23,"column":2},"end":{"line":24,"column":null}},"4":{"start":{"line":24,"column":13},"end":{"line":24,"column":null}}},"fnMap":{"0":{"name":"(anonymous_0)","decl":{"start":{"line":26,"column":4},"end":{"line":26,"column":null}},"loc":{"start":{"line":24,"column":13},"end":{"line":24,"column":null}},"line":24}},"branchMap":{"0":{"loc":{"start":{"line":26,"column":4},"end":{"line":24,"column":null}},"type":"binary-expr","locations":[{"start":{"line":26,"column":4},"end":{"line":26,"column":null}},{"start":{"line":26,"column":4},"end":{"line":24,"column":null}}],"line":26}},"s":{"0":0,"1":0,"2":0,"3":0,"4":0},"f":{"0":0},"b":{"0":[0,0]},"meta":{"lastBranch":1,"lastFunction":1,"lastStatement":5,"seen":{"s:6:14:6:Infinity":0,"s:12:14:12:Infinity":1,"s:16:6:19:Infinity":2,"s:23:2:24:Infinity":3,"b:26:4:26:Infinity:26:4:24:Infinity":0,"f:26:4:26:Infinity":0,"s:24:13:24:Infinity":4}}}
,"/home/irahardianto/works/projects/qurio/apps/frontend/src/components/ui/textarea/index.ts": {"path":"/home/irahardianto/works/projects/qurio/apps/frontend/src/components/ui/textarea/index.ts","statementMap":{},"fnMap":{},"branchMap":{},"s":{},"f":{},"b":{},"meta":{"lastBranch":0,"lastFunction":0,"lastStatement":0,"seen":{}}}
,"/home/irahardianto/works/projects/qurio/apps/frontend/src/components/ui/tooltip/Tooltip.vue": {"path":"/home/irahardianto/works/projects/qurio/apps/frontend/src/components/ui/tooltip/Tooltip.vue","statementMap":{"0":{"start":{"line":4,"column":14},"end":{"line":4,"column":null}},"1":{"start":{"line":5,"column":14},"end":{"line":5,"column":null}},"2":{"start":{"line":7,"column":6},"end":{"line":7,"column":null}},"3":{"start":{"line":11,"column":2},"end":{"line":12,"column":null}},"4":{"start":{"line":12,"column":12},"end":{"line":12,"column":null}}},"fnMap":{"0":{"name":"(anonymous_0)","decl":{"start":{"line":12,"column":4},"end":{"line":12,"column":12}},"loc":{"start":{"line":12,"column":12},"end":{"line":12,"column":null}},"line":12}},"branchMap":{},"s":{"0":6,"1":6,"2":6,"3":6,"4":6},"f":{"0":6},"b":{},"meta":{"lastBranch":0,"lastFunction":1,"lastStatement":5,"seen":{"s:4:14:4:Infinity":0,"s:5:14:5:Infinity":1,"s:7:6:7:Infinity":2,"s:11:2:12:Infinity":3,"f:12:4:12:12":0,"s:12:12:12:Infinity":4}}}
,"/home/irahardianto/works/projects/qurio/apps/frontend/src/components/ui/tooltip/TooltipContent.vue": {"path":"/home/irahardianto/works/projects/qurio/apps/frontend/src/components/ui/tooltip/TooltipContent.vue","statementMap":{"0":{"start":{"line":10,"column":14},"end":{"line":10,"column":null}},"1":{"start":{"line":14,"column":14},"end":{"line":14,"column":null}},"2":{"start":{"line":16,"column":6},"end":{"line":20,"column":null}},"3":{"start":{"line":17,"column":37},"end":{"line":17,"column":null}},"4":{"start":{"line":19,"column":2},"end":{"line":19,"column":null}},"5":{"start":{"line":22,"column":6},"end":{"line":22,"column":null}},"6":{"start":{"line":26,"column":2},"end":{"line":30,"column":null}},"7":{"start":{"line":30,"column":12},"end":{"line":30,"column":null}}},"fnMap":{"0":{"name":"(anonymous_0)","decl":{"start":{"line":16,"column":32},"end":{"line":16,"column":38}},"loc":{"start":{"line":16,"column":38},"end":{"line":20,"column":1}},"line":16},"1":{"name":"(anonymous_1)","decl":{"start":{"line":30,"column":4},"end":{"line":30,"column":12}},"loc":{"start":{"line":30,"column":12},"end":{"line":30,"column":null}},"line":30}},"branchMap":{},"s":{"0":6,"1":6,"2":6,"3":6,"4":6,"5":6,"6":6,"7":0},"f":{"0":6,"1":0},"b":{},"meta":{"lastBranch":0,"lastFunction":2,"lastStatement":8,"seen":{"s:10:14:10:Infinity":0,"s:14:14:14:Infinity":1,"s:16:6:20:Infinity":2,"f:16:32:16:38":0,"s:17:37:17:Infinity":3,"s:19:2:19:Infinity":4,"s:22:6:22:Infinity":5,"s:26:2:30:Infinity":6,"f:30:4:30:12":1,"s:30:12:30:Infinity":7}}}
,"/home/irahardianto/works/projects/qurio/apps/frontend/src/components/ui/tooltip/TooltipProvider.vue": {"path":"/home/irahardianto/works/projects/qurio/apps/frontend/src/components/ui/tooltip/TooltipProvider.vue","statementMap":{"0":{"start":{"line":4,"column":14},"end":{"line":4,"column":null}},"1":{"start":{"line":8,"column":2},"end":{"line":9,"column":null}},"2":{"start":{"line":9,"column":12},"end":{"line":9,"column":null}}},"fnMap":{"0":{"name":"(anonymous_0)","decl":{"start":{"line":9,"column":4},"end":{"line":9,"column":12}},"loc":{"start":{"line":9,"column":12},"end":{"line":9,"column":null}},"line":9}},"branchMap":{},"s":{"0":6,"1":6,"2":6},"f":{"0":6},"b":{},"meta":{"lastBranch":0,"lastFunction":1,"lastStatement":3,"seen":{"s:4:14:4:Infinity":0,"s:8:2:9:Infinity":1,"f:9:4:9:12":0,"s:9:12:9:Infinity":2}}}
,"/home/irahardianto/works/projects/qurio/apps/frontend/src/components/ui/tooltip/TooltipTrigger.vue": {"path":"/home/irahardianto/works/projects/qurio/apps/frontend/src/components/ui/tooltip/TooltipTrigger.vue","statementMap":{"0":{"start":{"line":4,"column":14},"end":{"line":4,"column":null}},"1":{"start":{"line":8,"column":2},"end":{"line":9,"column":null}},"2":{"start":{"line":9,"column":12},"end":{"line":9,"column":null}}},"fnMap":{"0":{"name":"(anonymous_0)","decl":{"start":{"line":9,"column":4},"end":{"line":9,"column":12}},"loc":{"start":{"line":9,"column":12},"end":{"line":9,"column":null}},"line":9}},"branchMap":{},"s":{"0":6,"1":6,"2":6},"f":{"0":6},"b":{},"meta":{"lastBranch":0,"lastFunction":1,"lastStatement":3,"seen":{"s:4:14:4:Infinity":0,"s:8:2:9:Infinity":1,"f:9:4:9:12":0,"s:9:12:9:Infinity":2}}}
,"/home/irahardianto/works/projects/qurio/apps/frontend/src/components/ui/tooltip/index.ts": {"path":"/home/irahardianto/works/projects/qurio/apps/frontend/src/components/ui/tooltip/index.ts","statementMap":{},"fnMap":{},"branchMap":{},"s":{},"f":{},"b":{},"meta":{"lastBranch":0,"lastFunction":0,"lastStatement":0,"seen":{}}}
,"/home/irahardianto/works/projects/qurio/apps/frontend/src/features/jobs/job.store.ts": {"path":"/home/irahardianto/works/projects/qurio/apps/frontend/src/features/jobs/job.store.ts","statementMap":{"0":{"start":{"line":14,"column":13},"end":{"line":50,"column":null}},"1":{"start":{"line":15,"column":8},"end":{"line":15,"column":null}},"2":{"start":{"line":16,"column":8},"end":{"line":16,"column":null}},"3":{"start":{"line":17,"column":8},"end":{"line":17,"column":null}},"4":{"start":{"line":20,"column":4},"end":{"line":20,"column":null}},"5":{"start":{"line":21,"column":4},"end":{"line":21,"column":null}},"6":{"start":{"line":22,"column":4},"end":{"line":31,"column":null}},"7":{"start":{"line":23,"column":18},"end":{"line":23,"column":null}},"8":{"start":{"line":24,"column":6},"end":{"line":24,"column":null}},"9":{"start":{"line":24,"column":19},"end":{"line":24,"column":null}},"10":{"start":{"line":25,"column":19},"end":{"line":25,"column":null}},"11":{"start":{"line":26,"column":6},"end":{"line":26,"column":null}},"12":{"start":{"line":28,"column":6},"end":{"line":28,"column":null}},"13":{"start":{"line":30,"column":6},"end":{"line":30,"column":null}},"14":{"start":{"line":35,"column":4},"end":{"line":35,"column":null}},"15":{"start":{"line":36,"column":4},"end":{"line":36,"column":null}},"16":{"start":{"line":37,"column":4},"end":{"line":46,"column":null}},"17":{"start":{"line":38,"column":18},"end":{"line":38,"column":null}},"18":{"start":{"line":39,"column":6},"end":{"line":39,"column":null}},"19":{"start":{"line":39,"column":19},"end":{"line":39,"column":null}},"20":{"start":{"line":41,"column":6},"end":{"line":41,"column":null}},"21":{"start":{"line":41,"column":42},"end":{"line":41,"column":53}},"22":{"start":{"line":43,"column":6},"end":{"line":43,"column":null}},"23":{"start":{"line":45,"column":6},"end":{"line":45,"column":null}},"24":{"start":{"line":49,"column":2},"end":{"line":49,"column":null}}},"fnMap":{"0":{"name":"(anonymous_0)","decl":{"start":{"line":14,"column":47},"end":{"line":14,"column":53}},"loc":{"start":{"line":14,"column":53},"end":{"line":50,"column":1}},"line":14},"1":{"name":"fetchFailedJobs","decl":{"start":{"line":19,"column":17},"end":{"line":19,"column":35}},"loc":{"start":{"line":19,"column":35},"end":{"line":32,"column":null}},"line":19},"2":{"name":"retryJob","decl":{"start":{"line":34,"column":17},"end":{"line":34,"column":26}},"loc":{"start":{"line":34,"column":38},"end":{"line":47,"column":null}},"line":34},"3":{"name":"(anonymous_3)","decl":{"start":{"line":41,"column":37},"end":{"line":41,"column":42}},"loc":{"start":{"line":41,"column":42},"end":{"line":41,"column":53}},"line":41}},"branchMap":{"0":{"loc":{"start":{"line":24,"column":6},"end":{"line":24,"column":null}},"type":"if","locations":[{"start":{"line":24,"column":6},"end":{"line":24,"column":null}},{"start":{},"end":{}}],"line":24},"1":{"loc":{"start":{"line":28,"column":20},"end":{"line":28,"column":null}},"type":"binary-expr","locations":[{"start":{"line":28,"column":20},"end":{"line":28,"column":33}},{"start":{"line":28,"column":33},"end":{"line":28,"column":null}}],"line":28},"2":{"loc":{"start":{"line":39,"column":6},"end":{"line":39,"column":null}},"type":"if","locations":[{"start":{"line":39,"column":6},"end":{"line":39,"column":null}},{"start":{},"end":{}}],"line":39},"3":{"loc":{"start":{"line":43,"column":20},"end":{"line":43,"column":null}},"type":"binary-expr","locations":[{"start":{"line":43,"column":20},"end":{"line":43,"column":33}},{"start":{"line":43,"column":33},"end":{"line":43,"column":null}}],"line":43}},"s":{"0":1,"1":4,"2":4,"3":4,"4":2,"5":2,"6":2,"7":2,"8":2,"9":1,"10":1,"11":1,"12":1,"13":2,"14":1,"15":1,"16":1,"17":1,"18":1,"19":0,"20":1,"21":1,"22":0,"23":1,"24":4},"f":{"0":4,"1":2,"2":1,"3":1},"b":{"0":[1,1],"1":[1,0],"2":[0,1],"3":[0,0]},"meta":{"lastBranch":4,"lastFunction":4,"lastStatement":25,"seen":{"s:14:13:50:Infinity":0,"f:14:47:14:53":0,"s:15:8:15:Infinity":1,"s:16:8:16:Infinity":2,"s:17:8:17:Infinity":3,"f:19:17:19:35":1,"s:20:4:20:Infinity":4,"s:21:4:21:Infinity":5,"s:22:4:31:Infinity":6,"s:23:18:23:Infinity":7,"b:24:6:24:Infinity:undefined:undefined:undefined:undefined":0,"s:24:6:24:Infinity":8,"s:24:19:24:Infinity":9,"s:25:19:25:Infinity":10,"s:26:6:26:Infinity":11,"s:28:6:28:Infinity":12,"b:28:20:28:33:28:33:28:Infinity":1,"s:30:6:30:Infinity":13,"f:34:17:34:26":2,"s:35:4:35:Infinity":14,"s:36:4:36:Infinity":15,"s:37:4:46:Infinity":16,"s:38:18:38:Infinity":17,"b:39:6:39:Infinity:undefined:undefined:undefined:undefined":2,"s:39:6:39:Infinity":18,"s:39:19:39:Infinity":19,"s:41:6:41:Infinity":20,"f:41:37:41:42":3,"s:41:42:41:53":21,"s:43:6:43:Infinity":22,"b:43:20:43:33:43:33:43:Infinity":3,"s:45:6:45:Infinity":23,"s:49:2:49:Infinity":24}}}
,"/home/irahardianto/works/projects/qurio/apps/frontend/src/features/settings/Settings.vue": {"path":"/home/irahardianto/works/projects/qurio/apps/frontend/src/features/settings/Settings.vue","statementMap":{"0":{"start":{"line":22,"column":6},"end":{"line":22,"column":null}},"1":{"start":{"line":24,"column":0},"end":{"line":26,"column":null}},"2":{"start":{"line":25,"column":2},"end":{"line":25,"column":null}},"3":{"start":{"line":30,"column":7},"end":{"line":30,"column":null}},"4":{"start":{"line":44,"column":9},"end":{"line":44,"column":null}},"5":{"start":{"line":58,"column":9},"end":{"line":58,"column":null}},"6":{"start":{"line":59,"column":11},"end":{"line":59,"column":null}},"7":{"start":{"line":60,"column":13},"end":{"line":60,"column":null}},"8":{"start":{"line":62,"column":34},"end":{"line":62,"column":68}},"9":{"start":{"line":90,"column":11},"end":{"line":90,"column":null}},"10":{"start":{"line":91,"column":13},"end":{"line":91,"column":null}},"11":{"start":{"line":113,"column":9},"end":{"line":113,"column":null}},"12":{"start":{"line":30,"column":2},"end":{"line":157,"column":77}},"13":{"start":{"line":48,"column":17},"end":{"line":48,"column":null}},"14":{"start":{"line":72,"column":22},"end":{"line":70,"column":134}},"15":{"start":{"line":68,"column":31},"end":{"line":70,"column":134}},"16":{"start":{"line":67,"column":120},"end":{"line":67,"column":120}},"17":{"start":{"line":70,"column":134},"end":{"line":70,"column":134}},"18":{"start":{"line":77,"column":26},"end":{"line":77,"column":44}},"19":{"start":{"line":101,"column":22},"end":{"line":99,"column":80}},"20":{"start":{"line":97,"column":31},"end":{"line":99,"column":80}},"21":{"start":{"line":96,"column":120},"end":{"line":96,"column":120}},"22":{"start":{"line":99,"column":80},"end":{"line":99,"column":80}},"23":{"start":{"line":106,"column":26},"end":{"line":106,"column":null}},"24":{"start":{"line":115,"column":23},"end":{"line":115,"column":null}},"25":{"start":{"line":118,"column":24},"end":{"line":122,"column":56}},"26":{"start":{"line":117,"column":57},"end":{"line":117,"column":57}},"27":{"start":{"line":120,"column":52},"end":{"line":122,"column":56}},"28":{"start":{"line":120,"column":39},"end":{"line":120,"column":52}},"29":{"start":{"line":121,"column":42},"end":{"line":121,"column":55}},"30":{"start":{"line":122,"column":43},"end":{"line":122,"column":56}},"31":{"start":{"line":137,"column":17},"end":{"line":137,"column":null}},"32":{"start":{"line":152,"column":8},"end":{"line":157,"column":77}}},"fnMap":{"0":{"name":"(anonymous_0)","decl":{"start":{"line":24,"column":10},"end":{"line":24,"column":16}},"loc":{"start":{"line":24,"column":16},"end":{"line":26,"column":1}},"line":24},"1":{"name":"(anonymous_1)","decl":{"start":{"line":48,"column":23},"end":{"line":48,"column":35}},"loc":{"start":{"line":48,"column":17},"end":{"line":48,"column":null}},"line":48},"2":{"name":"(anonymous_2)","decl":{"start":{"line":65,"column":12},"end":{"line":65,"column":null}},"loc":{"start":{"line":72,"column":22},"end":{"line":70,"column":134}},"line":72},"3":{"name":"(anonymous_3)","decl":{"start":{"line":66,"column":14},"end":{"line":66,"column":30}},"loc":{"start":{"line":68,"column":31},"end":{"line":70,"column":134}},"line":68},"4":{"name":"(anonymous_4)","decl":{"start":{"line":67,"column":16},"end":{"line":67,"column":28}},"loc":{"start":{"line":67,"column":120},"end":{"line":67,"column":120}},"line":67},"5":{"name":"(anonymous_5)","decl":{"start":{"line":70,"column":16},"end":{"line":70,"column":19}},"loc":{"start":{"line":70,"column":134},"end":{"line":70,"column":134}},"line":70},"6":{"name":"(anonymous_6)","decl":{"start":{"line":76,"column":13},"end":{"line":76,"column":null}},"loc":{"start":{"line":77,"column":26},"end":{"line":77,"column":44}},"line":77},"7":{"name":"(anonymous_7)","decl":{"start":{"line":94,"column":12},"end":{"line":94,"column":null}},"loc":{"start":{"line":101,"column":22},"end":{"line":99,"column":80}},"line":101},"8":{"name":"(anonymous_8)","decl":{"start":{"line":95,"column":14},"end":{"line":95,"column":30}},"loc":{"start":{"line":97,"column":31},"end":{"line":99,"column":80}},"line":97},"9":{"name":"(anonymous_9)","decl":{"start":{"line":96,"column":16},"end":{"line":96,"column":28}},"loc":{"start":{"line":96,"column":120},"end":{"line":96,"column":120}},"line":96},"10":{"name":"(anonymous_10)","decl":{"start":{"line":99,"column":16},"end":{"line":99,"column":19}},"loc":{"start":{"line":99,"column":80},"end":{"line":99,"column":80}},"line":99},"11":{"name":"(anonymous_11)","decl":{"start":{"line":106,"column":32},"end":{"line":106,"column":42}},"loc":{"start":{"line":106,"column":26},"end":{"line":106,"column":null}},"line":106},"12":{"name":"(anonymous_12)","decl":{"start":{"line":115,"column":29},"end":{"line":115,"column":43}},"loc":{"start":{"line":115,"column":23},"end":{"line":115,"column":null}},"line":115},"13":{"name":"(anonymous_13)","decl":{"start":{"line":116,"column":8},"end":{"line":116,"column":23}},"loc":{"start":{"line":118,"column":24},"end":{"line":122,"column":56}},"line":118},"14":{"name":"(anonymous_14)","decl":{"start":{"line":117,"column":10},"end":{"line":117,"column":23}},"loc":{"start":{"line":117,"column":57},"end":{"line":117,"column":57}},"line":117},"15":{"name":"(anonymous_15)","decl":{"start":{"line":120,"column":10},"end":{"line":120,"column":22}},"loc":{"start":{"line":120,"column":52},"end":{"line":122,"column":56}},"line":120},"16":{"name":"(anonymous_16)","decl":{"start":{"line":120,"column":35},"end":{"line":120,"column":39}},"loc":{"start":{"line":120,"column":39},"end":{"line":120,"column":52}},"line":120},"17":{"name":"(anonymous_17)","decl":{"start":{"line":121,"column":35},"end":{"line":121,"column":42}},"loc":{"start":{"line":121,"column":42},"end":{"line":121,"column":55}},"line":121},"18":{"name":"(anonymous_18)","decl":{"start":{"line":122,"column":37},"end":{"line":122,"column":43}},"loc":{"start":{"line":122,"column":43},"end":{"line":122,"column":56}},"line":122},"19":{"name":"(anonymous_19)","decl":{"start":{"line":137,"column":23},"end":{"line":137,"column":35}},"loc":{"start":{"line":137,"column":17},"end":{"line":137,"column":null}},"line":137},"20":{"name":"(anonymous_20)","decl":{"start":{"line":149,"column":6},"end":{"line":149,"column":null}},"loc":{"start":{"line":152,"column":8},"end":{"line":157,"column":77}},"line":152}},"branchMap":{"0":{"loc":{"start":{"line":32,"column":12},"end":{"line":35,"column":null}},"type":"cond-expr","locations":[{"start":{"line":32,"column":18},"end":{"line":35,"column":null}},{"start":{"line":35,"column":20},"end":{"line":35,"column":null}}],"line":32},"1":{"loc":{"start":{"line":38,"column":12},"end":{"line":41,"column":null}},"type":"cond-expr","locations":[{"start":{"line":38,"column":18},"end":{"line":41,"column":null}},{"start":{"line":41,"column":29},"end":{"line":41,"column":null}}],"line":38},"2":{"loc":{"start":{"line":56,"column":10},"end":{"line":45,"column":150}},"type":"binary-expr","locations":[{"start":{"line":56,"column":10},"end":{"line":56,"column":null}},{"start":{"line":56,"column":10},"end":{"line":45,"column":150}}],"line":56},"3":{"loc":{"start":{"line":48,"column":23},"end":{"line":48,"column":null}},"type":"binary-expr","locations":[{"start":{"line":48,"column":23},"end":{"line":48,"column":35}},{"start":{"line":48,"column":23},"end":{"line":48,"column":null}}],"line":48},"4":{"loc":{"start":{"line":53,"column":6},"end":{"line":55,"column":10}},"type":"binary-expr","locations":[{"start":{"line":53,"column":6},"end":{"line":53,"column":9}},{"start":{"line":53,"column":6},"end":{"line":55,"column":10}}],"line":53},"5":{"loc":{"start":{"line":63,"column":18},"end":{"line":62,"column":34}},"type":"binary-expr","locations":[{"start":{"line":63,"column":18},"end":{"line":63,"column":null}},{"start":{"line":63,"column":18},"end":{"line":62,"column":34}}],"line":63},"6":{"loc":{"start":{"line":70,"column":134},"end":{"line":70,"column":134}},"type":"binary-expr","locations":[{"start":{"line":70,"column":134},"end":{"line":70,"column":null}},{"start":{"line":70,"column":134},"end":{"line":70,"column":134}}],"line":70},"7":{"loc":{"start":{"line":76,"column":13},"end":{"line":77,"column":44}},"type":"binary-expr","locations":[{"start":{"line":76,"column":13},"end":{"line":76,"column":null}},{"start":{"line":76,"column":13},"end":{"line":77,"column":44}}],"line":76},"8":{"loc":{"start":{"line":84,"column":8},"end":{"line":86,"column":39}},"type":"binary-expr","locations":[{"start":{"line":84,"column":8},"end":{"line":84,"column":13}},{"start":{"line":84,"column":8},"end":{"line":86,"column":39}}],"line":84},"9":{"loc":{"start":{"line":103,"column":14},"end":{"line":92,"column":152}},"type":"binary-expr","locations":[{"start":{"line":103,"column":14},"end":{"line":103,"column":null}},{"start":{"line":103,"column":14},"end":{"line":92,"column":152}}],"line":103},"10":{"loc":{"start":{"line":99,"column":80},"end":{"line":99,"column":80}},"type":"binary-expr","locations":[{"start":{"line":99,"column":80},"end":{"line":99,"column":null}},{"start":{"line":99,"column":80},"end":{"line":99,"column":80}}],"line":99},"11":{"loc":{"start":{"line":106,"column":32},"end":{"line":106,"column":null}},"type":"binary-expr","locations":[{"start":{"line":106,"column":32},"end":{"line":106,"column":42}},{"start":{"line":106,"column":32},"end":{"line":106,"column":null}}],"line":106},"12":{"loc":{"start":{"line":128,"column":10},"end":{"line":114,"column":150}},"type":"binary-expr","locations":[{"start":{"line":128,"column":10},"end":{"line":128,"column":null}},{"start":{"line":128,"column":10},"end":{"line":114,"column":150}}],"line":128},"13":{"loc":{"start":{"line":115,"column":29},"end":{"line":115,"column":null}},"type":"binary-expr","locations":[{"start":{"line":115,"column":29},"end":{"line":115,"column":43}},{"start":{"line":115,"column":29},"end":{"line":115,"column":null}}],"line":115},"14":{"loc":{"start":{"line":120,"column":39},"end":{"line":120,"column":52}},"type":"binary-expr","locations":[{"start":{"line":120,"column":39},"end":{"line":120,"column":52}},{"start":{"line":120,"column":39},"end":{"line":120,"column":52}}],"line":120},"15":{"loc":{"start":{"line":121,"column":42},"end":{"line":121,"column":55}},"type":"binary-expr","locations":[{"start":{"line":121,"column":42},"end":{"line":121,"column":55}},{"start":{"line":121,"column":42},"end":{"line":121,"column":55}}],"line":121},"16":{"loc":{"start":{"line":122,"column":43},"end":{"line":122,"column":56}},"type":"binary-expr","locations":[{"start":{"line":122,"column":43},"end":{"line":122,"column":56}},{"start":{"line":122,"column":43},"end":{"line":122,"column":56}}],"line":122},"17":{"loc":{"start":{"line":125,"column":6},"end":{"line":127,"column":10}},"type":"binary-expr","locations":[{"start":{"line":125,"column":6},"end":{"line":125,"column":9}},{"start":{"line":125,"column":6},"end":{"line":127,"column":10}}],"line":125},"18":{"loc":{"start":{"line":131,"column":12},"end":{"line":140,"column":null}},"type":"cond-expr","locations":[{"start":{"line":131,"column":32},"end":{"line":140,"column":null}}],"line":131},"19":{"loc":{"start":{"line":142,"column":10},"end":{"line":134,"column":147}},"type":"binary-expr","locations":[{"start":{"line":142,"column":10},"end":{"line":142,"column":null}},{"start":{"line":142,"column":10},"end":{"line":134,"column":147}}],"line":142},"20":{"loc":{"start":{"line":137,"column":23},"end":{"line":137,"column":null}},"type":"binary-expr","locations":[{"start":{"line":137,"column":23},"end":{"line":137,"column":35}},{"start":{"line":137,"column":23},"end":{"line":137,"column":null}}],"line":137},"21":{"loc":{"start":{"line":150,"column":14},"end":{"line":155,"column":null}},"type":"cond-expr","locations":[{"start":{"line":150,"column":20},"end":{"line":151,"column":null}},{"start":{"line":151,"column":14},"end":{"line":155,"column":null}}],"line":150},"22":{"loc":{"start":{"line":157,"column":15},"end":{"line":157,"column":77}},"type":"cond-expr","locations":[{"start":{"line":157,"column":30},"end":{"line":157,"column":77}},{"start":{"line":157,"column":30},"end":{"line":157,"column":77}}],"line":157}},"s":{"0":3,"1":3,"2":3,"3":1,"4":1,"5":1,"6":1,"7":1,"8":1,"9":1,"10":1,"11":1,"12":5,"13":0,"14":3,"15":3,"16":3,"17":0,"18":0,"19":3,"20":3,"21":3,"22":0,"23":0,"24":0,"25":7,"26":4,"27":3,"28":7,"29":7,"30":6,"31":0,"32":5},"f":{"0":3,"1":0,"2":3,"3":3,"4":3,"5":0,"6":0,"7":3,"8":3,"9":3,"10":0,"11":0,"12":0,"13":7,"14":4,"15":3,"16":7,"17":7,"18":6,"19":0,"20":5},"b":{"0":[1,4],"1":[0,5],"2":[5,3],"3":[5,3],"4":[5,3],"5":[5,3],"6":[0,0],"7":[5,3],"8":[5,3],"9":[5,3],"10":[0,0],"11":[5,3],"12":[5,3],"13":[5,3],"14":[7,3],"15":[7,3],"16":[6,3],"17":[5,3],"18":[1,null],"19":[1,1],"20":[1,1],"21":[1,4],"22":[1,4]},"meta":{"lastBranch":23,"lastFunction":21,"lastStatement":33,"seen":{"s:22:6:22:Infinity":0,"s:24:0:26:Infinity":1,"f:24:10:24:16":0,"s:25:2:25:Infinity":2,"s:30:7:30:Infinity":3,"s:44:9:44:Infinity":4,"s:58:9:58:Infinity":5,"s:59:11:59:Infinity":6,"s:60:13:60:Infinity":7,"s:62:34:62:68":8,"s:90:11:90:Infinity":9,"s:91:13:91:Infinity":10,"s:113:9:113:Infinity":11,"s:30:2:157:77":12,"b:32:18:35:Infinity:35:20:35:Infinity":0,"b:38:18:41:Infinity:41:29:41:Infinity":1,"b:56:10:56:Infinity:56:10:45:150":2,"b:48:23:48:35:48:23:48:Infinity":3,"f:48:23:48:35":1,"s:48:17:48:Infinity":13,"b:53:6:53:9:53:6:55:10":4,"b:63:18:63:Infinity:63:18:62:34":5,"f:65:12:65:Infinity":2,"s:72:22:70:134":14,"f:66:14:66:30":3,"s:68:31:70:134":15,"f:67:16:67:28":4,"s:67:120:67:120":16,"f:70:16:70:19":5,"s:70:134:70:134":17,"b:70:134:70:Infinity:70:134:70:134":6,"b:76:13:76:Infinity:76:13:77:44":7,"f:76:13:76:Infinity":6,"s:77:26:77:44":18,"b:84:8:84:13:84:8:86:39":8,"b:103:14:103:Infinity:103:14:92:152":9,"f:94:12:94:Infinity":7,"s:101:22:99:80":19,"f:95:14:95:30":8,"s:97:31:99:80":20,"f:96:16:96:28":9,"s:96:120:96:120":21,"f:99:16:99:19":10,"s:99:80:99:80":22,"b:99:80:99:Infinity:99:80:99:80":10,"b:106:32:106:42:106:32:106:Infinity":11,"f:106:32:106:42":11,"s:106:26:106:Infinity":23,"b:128:10:128:Infinity:128:10:114:150":12,"b:115:29:115:43:115:29:115:Infinity":13,"f:115:29:115:43":12,"s:115:23:115:Infinity":24,"f:116:8:116:23":13,"s:118:24:122:56":25,"f:117:10:117:23":14,"s:117:57:117:57":26,"f:120:10:120:22":15,"s:120:52:122:56":27,"f:120:35:120:39":16,"s:120:39:120:52":28,"b:120:39:120:52:120:39:120:52":14,"f:121:35:121:42":17,"s:121:42:121:55":29,"b:121:42:121:55:121:42:121:55":15,"f:122:37:122:43":18,"s:122:43:122:56":30,"b:122:43:122:56:122:43:122:56":16,"b:125:6:125:9:125:6:127:10":17,"b:131:32:140:Infinity":18,"b:142:10:142:Infinity:142:10:134:147":19,"b:137:23:137:35:137:23:137:Infinity":20,"f:137:23:137:35":19,"s:137:17:137:Infinity":31,"f:149:6:149:Infinity":20,"s:152:8:157:77":32,"b:150:20:151:Infinity:151:14:155:Infinity":21,"b:157:30:157:77:157:30:157:77":22}}}
,"/home/irahardianto/works/projects/qurio/apps/frontend/src/features/settings/settings.store.ts": {"path":"/home/irahardianto/works/projects/qurio/apps/frontend/src/features/settings/settings.store.ts","statementMap":{"0":{"start":{"line":4,"column":13},"end":{"line":72,"column":null}},"1":{"start":{"line":5,"column":8},"end":{"line":5,"column":null}},"2":{"start":{"line":6,"column":8},"end":{"line":6,"column":null}},"3":{"start":{"line":7,"column":8},"end":{"line":7,"column":null}},"4":{"start":{"line":8,"column":8},"end":{"line":8,"column":null}},"5":{"start":{"line":9,"column":8},"end":{"line":9,"column":null}},"6":{"start":{"line":10,"column":8},"end":{"line":10,"column":null}},"7":{"start":{"line":11,"column":8},"end":{"line":11,"column":null}},"8":{"start":{"line":12,"column":8},"end":{"line":12,"column":null}},"9":{"start":{"line":15,"column":4},"end":{"line":15,"column":null}},"10":{"start":{"line":16,"column":4},"end":{"line":16,"column":null}},"11":{"start":{"line":17,"column":4},"end":{"line":31,"column":null}},"12":{"start":{"line":18,"column":18},"end":{"line":18,"column":null}},"13":{"start":{"line":19,"column":6},"end":{"line":19,"column":null}},"14":{"start":{"line":19,"column":19},"end":{"line":19,"column":null}},"15":{"start":{"line":20,"column":19},"end":{"line":20,"column":null}},"16":{"start":{"line":21,"column":19},"end":{"line":21,"column":null}},"17":{"start":{"line":22,"column":6},"end":{"line":22,"column":null}},"18":{"start":{"line":23,"column":6},"end":{"line":23,"column":null}},"19":{"start":{"line":24,"column":6},"end":{"line":24,"column":null}},"20":{"start":{"line":25,"column":6},"end":{"line":25,"column":null}},"21":{"start":{"line":26,"column":6},"end":{"line":26,"column":null}},"22":{"start":{"line":28,"column":6},"end":{"line":28,"column":null}},"23":{"start":{"line":30,"column":6},"end":{"line":30,"column":null}},"24":{"start":{"line":35,"column":4},"end":{"line":35,"column":null}},"25":{"start":{"line":36,"column":4},"end":{"line":36,"column":null}},"26":{"start":{"line":37,"column":4},"end":{"line":37,"column":null}},"27":{"start":{"line":38,"column":4},"end":{"line":57,"column":null}},"28":{"start":{"line":39,"column":18},"end":{"line":49,"column":null}},"29":{"start":{"line":50,"column":6},"end":{"line":50,"column":null}},"30":{"start":{"line":50,"column":19},"end":{"line":50,"column":null}},"31":{"start":{"line":51,"column":6},"end":{"line":51,"column":null}},"32":{"start":{"line":52,"column":6},"end":{"line":52,"column":null}},"33":{"start":{"line":52,"column":23},"end":{"line":52,"column":52}},"34":{"start":{"line":54,"column":6},"end":{"line":54,"column":null}},"35":{"start":{"line":56,"column":6},"end":{"line":56,"column":null}},"36":{"start":{"line":60,"column":2},"end":{"line":71,"column":null}}},"fnMap":{"0":{"name":"(anonymous_0)","decl":{"start":{"line":4,"column":56},"end":{"line":4,"column":62}},"loc":{"start":{"line":4,"column":62},"end":{"line":72,"column":1}},"line":4},"1":{"name":"fetchSettings","decl":{"start":{"line":14,"column":17},"end":{"line":14,"column":33}},"loc":{"start":{"line":14,"column":33},"end":{"line":32,"column":null}},"line":14},"2":{"name":"updateSettings","decl":{"start":{"line":34,"column":17},"end":{"line":34,"column":34}},"loc":{"start":{"line":34,"column":34},"end":{"line":58,"column":null}},"line":34},"3":{"name":"(anonymous_3)","decl":{"start":{"line":52,"column":17},"end":{"line":52,"column":23}},"loc":{"start":{"line":52,"column":23},"end":{"line":52,"column":52}},"line":52}},"branchMap":{"0":{"loc":{"start":{"line":19,"column":6},"end":{"line":19,"column":null}},"type":"if","locations":[{"start":{"line":19,"column":6},"end":{"line":19,"column":null}},{"start":{},"end":{}}],"line":19},"1":{"loc":{"start":{"line":21,"column":19},"end":{"line":21,"column":null}},"type":"binary-expr","locations":[{"start":{"line":21,"column":19},"end":{"line":21,"column":32}},{"start":{"line":21,"column":32},"end":{"line":21,"column":null}}],"line":21},"2":{"loc":{"start":{"line":22,"column":29},"end":{"line":22,"column":null}},"type":"binary-expr","locations":[{"start":{"line":22,"column":29},"end":{"line":22,"column":53}},{"start":{"line":22,"column":53},"end":{"line":22,"column":null}}],"line":22},"3":{"loc":{"start":{"line":23,"column":27},"end":{"line":23,"column":null}},"type":"binary-expr","locations":[{"start":{"line":23,"column":27},"end":{"line":23,"column":50}},{"start":{"line":23,"column":50},"end":{"line":23,"column":null}}],"line":23},"4":{"loc":{"start":{"line":24,"column":27},"end":{"line":24,"column":null}},"type":"binary-expr","locations":[{"start":{"line":24,"column":27},"end":{"line":24,"column":50}},{"start":{"line":24,"column":50},"end":{"line":24,"column":null}}],"line":24},"5":{"loc":{"start":{"line":25,"column":26},"end":{"line":25,"column":null}},"type":"binary-expr","locations":[{"start":{"line":25,"column":26},"end":{"line":25,"column":47}},{"start":{"line":25,"column":47},"end":{"line":25,"column":null}}],"line":25},"6":{"loc":{"start":{"line":26,"column":25},"end":{"line":26,"column":null}},"type":"binary-expr","locations":[{"start":{"line":26,"column":25},"end":{"line":26,"column":46}},{"start":{"line":26,"column":46},"end":{"line":26,"column":null}}],"line":26},"7":{"loc":{"start":{"line":50,"column":6},"end":{"line":50,"column":null}},"type":"if","locations":[{"start":{"line":50,"column":6},"end":{"line":50,"column":null}},{"start":{},"end":{}}],"line":50}},"s":{"0":2,"1":6,"2":6,"3":6,"4":6,"5":6,"6":6,"7":6,"8":6,"9":3,"10":3,"11":3,"12":3,"13":2,"14":1,"15":1,"16":1,"17":3,"18":3,"19":3,"20":3,"21":3,"22":2,"23":3,"24":1,"25":1,"26":1,"27":1,"28":1,"29":1,"30":0,"31":1,"32":1,"33":0,"34":0,"35":1,"36":6},"f":{"0":6,"1":3,"2":1,"3":0},"b":{"0":[1,1],"1":[1,0],"2":[3,0],"3":[3,1],"4":[3,1],"5":[3,0],"6":[3,1],"7":[0,1]},"meta":{"lastBranch":8,"lastFunction":4,"lastStatement":37,"seen":{"s:4:13:72:Infinity":0,"f:4:56:4:62":0,"s:5:8:5:Infinity":1,"s:6:8:6:Infinity":2,"s:7:8:7:Infinity":3,"s:8:8:8:Infinity":4,"s:9:8:9:Infinity":5,"s:10:8:10:Infinity":6,"s:11:8:11:Infinity":7,"s:12:8:12:Infinity":8,"f:14:17:14:33":1,"s:15:4:15:Infinity":9,"s:16:4:16:Infinity":10,"s:17:4:31:Infinity":11,"s:18:18:18:Infinity":12,"b:19:6:19:Infinity:undefined:undefined:undefined:undefined":0,"s:19:6:19:Infinity":13,"s:19:19:19:Infinity":14,"s:20:19:20:Infinity":15,"s:21:19:21:Infinity":16,"b:21:19:21:32:21:32:21:Infinity":1,"s:22:6:22:Infinity":17,"b:22:29:22:53:22:53:22:Infinity":2,"s:23:6:23:Infinity":18,"b:23:27:23:50:23:50:23:Infinity":3,"s:24:6:24:Infinity":19,"b:24:27:24:50:24:50:24:Infinity":4,"s:25:6:25:Infinity":20,"b:25:26:25:47:25:47:25:Infinity":5,"s:26:6:26:Infinity":21,"b:26:25:26:46:26:46:26:Infinity":6,"s:28:6:28:Infinity":22,"s:30:6:30:Infinity":23,"f:34:17:34:34":2,"s:35:4:35:Infinity":24,"s:36:4:36:Infinity":25,"s:37:4:37:Infinity":26,"s:38:4:57:Infinity":27,"s:39:18:49:Infinity":28,"b:50:6:50:Infinity:undefined:undefined:undefined:undefined":7,"s:50:6:50:Infinity":29,"s:50:19:50:Infinity":30,"s:51:6:51:Infinity":31,"s:52:6:52:Infinity":32,"f:52:17:52:23":3,"s:52:23:52:52":33,"s:54:6:54:Infinity":34,"s:56:6:56:Infinity":35,"s:60:2:71:Infinity":36}}}
,"/home/irahardianto/works/projects/qurio/apps/frontend/src/features/sources/SourceForm.vue": {"path":"/home/irahardianto/works/projects/qurio/apps/frontend/src/features/sources/SourceForm.vue","statementMap":{"0":{"start":{"line":10,"column":6},"end":{"line":10,"column":null}},"1":{"start":{"line":11,"column":6},"end":{"line":11,"column":null}},"2":{"start":{"line":12,"column":6},"end":{"line":12,"column":null}},"3":{"start":{"line":13,"column":6},"end":{"line":13,"column":null}},"4":{"start":{"line":14,"column":6},"end":{"line":14,"column":null}},"5":{"start":{"line":15,"column":6},"end":{"line":15,"column":null}},"6":{"start":{"line":16,"column":6},"end":{"line":16,"column":null}},"7":{"start":{"line":17,"column":6},"end":{"line":17,"column":null}},"8":{"start":{"line":19,"column":13},"end":{"line":19,"column":null}},"9":{"start":{"line":22,"column":2},"end":{"line":61,"column":null}},"10":{"start":{"line":23,"column":4},"end":{"line":23,"column":null}},"11":{"start":{"line":23,"column":20},"end":{"line":23,"column":null}},"12":{"start":{"line":25,"column":4},"end":{"line":30,"column":null}},"13":{"start":{"line":26,"column":6},"end":{"line":26,"column":null}},"14":{"start":{"line":28,"column":6},"end":{"line":28,"column":null}},"15":{"start":{"line":29,"column":6},"end":{"line":29,"column":null}},"16":{"start":{"line":32,"column":27},"end":{"line":35,"column":null}},"17":{"start":{"line":34,"column":19},"end":{"line":34,"column":30}},"18":{"start":{"line":35,"column":22},"end":{"line":35,"column":37}},"19":{"start":{"line":37,"column":4},"end":{"line":42,"column":null}},"20":{"start":{"line":44,"column":4},"end":{"line":50,"column":null}},"21":{"start":{"line":45,"column":6},"end":{"line":45,"column":null}},"22":{"start":{"line":46,"column":6},"end":{"line":46,"column":null}},"23":{"start":{"line":47,"column":6},"end":{"line":47,"column":null}},"24":{"start":{"line":48,"column":6},"end":{"line":48,"column":null}},"25":{"start":{"line":49,"column":6},"end":{"line":49,"column":null}},"26":{"start":{"line":52,"column":4},"end":{"line":60,"column":null}},"27":{"start":{"line":54,"column":26},"end":{"line":54,"column":null}},"28":{"start":{"line":55,"column":6},"end":{"line":55,"column":null}},"29":{"start":{"line":56,"column":6},"end":{"line":59,"column":null}},"30":{"start":{"line":57,"column":8},"end":{"line":57,"column":null}},"31":{"start":{"line":58,"column":8},"end":{"line":58,"column":null}},"32":{"start":{"line":65,"column":17},"end":{"line":65,"column":null}},"33":{"start":{"line":66,"column":2},"end":{"line":68,"column":null}},"34":{"start":{"line":67,"column":4},"end":{"line":67,"column":null}},"35":{"start":{"line":72,"column":2},"end":{"line":72,"column":null}},"36":{"start":{"line":73,"column":23},"end":{"line":73,"column":null}},"37":{"start":{"line":74,"column":2},"end":{"line":76,"column":null}},"38":{"start":{"line":75,"column":4},"end":{"line":75,"column":null}},"39":{"start":{"line":81,"column":7},"end":{"line":81,"column":null}},"40":{"start":{"line":83,"column":9},"end":{"line":83,"column":null}},"41":{"start":{"line":109,"column":13},"end":{"line":109,"column":null}},"42":{"start":{"line":110,"column":15},"end":{"line":110,"column":null}},"43":{"start":{"line":111,"column":17},"end":{"line":111,"column":null}},"44":{"start":{"line":135,"column":15},"end":{"line":135,"column":null}},"45":{"start":{"line":153,"column":17},"end":{"line":153,"column":null}},"46":{"start":{"line":168,"column":17},"end":{"line":168,"column":null}},"47":{"start":{"line":181,"column":18},"end":{"line":181,"column":null}},"48":{"start":{"line":205,"column":17},"end":{"line":205,"column":null}},"49":{"start":{"line":206,"column":17},"end":{"line":206,"column":null}},"50":{"start":{"line":232,"column":13},"end":{"line":232,"column":null}},"51":{"start":{"line":235,"column":11},"end":{"line":235,"column":59}},"52":{"start":{"line":81,"column":2},"end":{"line":235,"column":77}},"53":{"start":{"line":89,"column":16},"end":{"line":89,"column":null}},"54":{"start":{"line":99,"column":16},"end":{"line":99,"column":null}},"55":{"start":{"line":115,"column":23},"end":{"line":115,"column":null}},"56":{"start":{"line":129,"column":80},"end":{"line":132,"column":19}},"57":{"start":{"line":139,"column":22},"end":{"line":139,"column":null}},"58":{"start":{"line":156,"column":32},"end":{"line":156,"column":null}},"59":{"start":{"line":171,"column":25},"end":{"line":171,"column":null}},"60":{"start":{"line":187,"column":29},"end":{"line":187,"column":null}},"61":{"start":{"line":188,"column":30},"end":{"line":188,"column":null}},"62":{"start":{"line":225,"column":78},"end":{"line":228,"column":17}}},"fnMap":{"0":{"name":"submit","decl":{"start":{"line":21,"column":15},"end":{"line":21,"column":24}},"loc":{"start":{"line":21,"column":24},"end":{"line":62,"column":null}},"line":21},"1":{"name":"(anonymous_1)","decl":{"start":{"line":34,"column":11},"end":{"line":34,"column":19}},"loc":{"start":{"line":34,"column":19},"end":{"line":34,"column":30}},"line":34},"2":{"name":"(anonymous_2)","decl":{"start":{"line":35,"column":14},"end":{"line":35,"column":22}},"loc":{"start":{"line":35,"column":22},"end":{"line":35,"column":37}},"line":35},"3":{"name":"onFileChange","decl":{"start":{"line":64,"column":9},"end":{"line":64,"column":22}},"loc":{"start":{"line":64,"column":32},"end":{"line":69,"column":null}},"line":64},"4":{"name":"onDrop","decl":{"start":{"line":71,"column":9},"end":{"line":71,"column":16}},"loc":{"start":{"line":71,"column":30},"end":{"line":77,"column":null}},"line":71},"5":{"name":"(anonymous_5)","decl":{"start":{"line":89,"column":14},"end":{"line":89,"column":16}},"loc":{"start":{"line":89,"column":16},"end":{"line":89,"column":null}},"line":89},"6":{"name":"(anonymous_6)","decl":{"start":{"line":99,"column":14},"end":{"line":99,"column":16}},"loc":{"start":{"line":99,"column":16},"end":{"line":99,"column":null}},"line":99},"7":{"name":"(anonymous_7)","decl":{"start":{"line":115,"column":23},"end":{"line":115,"column":26}},"loc":{"start":{"line":115,"column":23},"end":{"line":115,"column":null}},"line":115},"8":{"name":"(anonymous_8)","decl":{"start":{"line":129,"column":12},"end":{"line":129,"column":27}},"loc":{"start":{"line":129,"column":80},"end":{"line":132,"column":19}},"line":129},"9":{"name":"(anonymous_9)","decl":{"start":{"line":139,"column":20},"end":{"line":139,"column":22}},"loc":{"start":{"line":139,"column":22},"end":{"line":139,"column":null}},"line":139},"10":{"name":"(anonymous_10)","decl":{"start":{"line":156,"column":32},"end":{"line":156,"column":40}},"loc":{"start":{"line":156,"column":32},"end":{"line":156,"column":null}},"line":156},"11":{"name":"(anonymous_11)","decl":{"start":{"line":171,"column":25},"end":{"line":171,"column":35}},"loc":{"start":{"line":171,"column":25},"end":{"line":171,"column":null}},"line":171},"12":{"name":"(anonymous_12)","decl":{"start":{"line":187,"column":19},"end":{"line":187,"column":29}},"loc":{"start":{"line":187,"column":29},"end":{"line":187,"column":null}},"line":187},"13":{"name":"(anonymous_13)","decl":{"start":{"line":188,"column":20},"end":{"line":188,"column":30}},"loc":{"start":{"line":188,"column":30},"end":{"line":188,"column":null}},"line":188},"14":{"name":"(anonymous_14)","decl":{"start":{"line":225,"column":10},"end":{"line":225,"column":25}},"loc":{"start":{"line":225,"column":78},"end":{"line":228,"column":17}},"line":225}},"branchMap":{"0":{"loc":{"start":{"line":22,"column":2},"end":{"line":61,"column":null}},"type":"if","locations":[{"start":{"line":22,"column":2},"end":{"line":61,"column":null}},{"start":{"line":51,"column":9},"end":{"line":61,"column":null}}],"line":22},"1":{"loc":{"start":{"line":23,"column":4},"end":{"line":23,"column":null}},"type":"if","locations":[{"start":{"line":23,"column":4},"end":{"line":23,"column":null}},{"start":{},"end":{}}],"line":23},"2":{"loc":{"start":{"line":44,"column":4},"end":{"line":50,"column":null}},"type":"if","locations":[{"start":{"line":44,"column":4},"end":{"line":50,"column":null}},{"start":{},"end":{}}],"line":44},"3":{"loc":{"start":{"line":52,"column":4},"end":{"line":60,"column":null}},"type":"if","locations":[{"start":{"line":52,"column":4},"end":{"line":60,"column":null}},{"start":{},"end":{}}],"line":52},"4":{"loc":{"start":{"line":56,"column":6},"end":{"line":59,"column":null}},"type":"if","locations":[{"start":{"line":56,"column":6},"end":{"line":59,"column":null}},{"start":{},"end":{}}],"line":56},"5":{"loc":{"start":{"line":66,"column":2},"end":{"line":68,"column":null}},"type":"if","locations":[{"start":{"line":66,"column":2},"end":{"line":68,"column":null}},{"start":{},"end":{}}],"line":66},"6":{"loc":{"start":{"line":66,"column":6},"end":{"line":66,"column":47}},"type":"binary-expr","locations":[{"start":{"line":66,"column":6},"end":{"line":66,"column":22}},{"start":{"line":66,"column":22},"end":{"line":66,"column":47}}],"line":66},"7":{"loc":{"start":{"line":67,"column":17},"end":{"line":67,"column":null}},"type":"binary-expr","locations":[{"start":{"line":67,"column":17},"end":{"line":67,"column":36}},{"start":{"line":67,"column":36},"end":{"line":67,"column":null}}],"line":67},"8":{"loc":{"start":{"line":74,"column":2},"end":{"line":76,"column":null}},"type":"if","locations":[{"start":{"line":74,"column":2},"end":{"line":76,"column":null}},{"start":{},"end":{}}],"line":74},"9":{"loc":{"start":{"line":74,"column":6},"end":{"line":74,"column":47}},"type":"binary-expr","locations":[{"start":{"line":74,"column":6},"end":{"line":74,"column":22}},{"start":{"line":74,"column":22},"end":{"line":74,"column":47}}],"line":74},"10":{"loc":{"start":{"line":75,"column":17},"end":{"line":75,"column":null}},"type":"binary-expr","locations":[{"start":{"line":75,"column":17},"end":{"line":75,"column":36}},{"start":{"line":75,"column":36},"end":{"line":75,"column":null}}],"line":75},"11":{"loc":{"start":{"line":86,"column":16},"end":{"line":86,"column":null}},"type":"cond-expr","locations":[{"start":{"line":86,"column":25},"end":{"line":86,"column":null}},{"start":{"line":86,"column":25},"end":{"line":86,"column":null}}],"line":86},"12":{"loc":{"start":{"line":89,"column":14},"end":{"line":89,"column":null}},"type":"binary-expr","locations":[{"start":{"line":89,"column":14},"end":{"line":89,"column":16}},{"start":{"line":89,"column":14},"end":{"line":89,"column":null}}],"line":89},"13":{"loc":{"start":{"line":91,"column":30},"end":{"line":92,"column":32}},"type":"binary-expr","locations":[{"start":{"line":91,"column":30},"end":{"line":91,"column":33}},{"start":{"line":91,"column":30},"end":{"line":92,"column":32}}],"line":91},"14":{"loc":{"start":{"line":96,"column":16},"end":{"line":96,"column":null}},"type":"cond-expr","locations":[{"start":{"line":96,"column":25},"end":{"line":96,"column":null}},{"start":{"line":96,"column":25},"end":{"line":96,"column":null}}],"line":96},"15":{"loc":{"start":{"line":99,"column":14},"end":{"line":99,"column":null}},"type":"binary-expr","locations":[{"start":{"line":99,"column":14},"end":{"line":99,"column":16}},{"start":{"line":99,"column":14},"end":{"line":99,"column":null}}],"line":99},"16":{"loc":{"start":{"line":101,"column":31},"end":{"line":102,"column":32}},"type":"binary-expr","locations":[{"start":{"line":101,"column":31},"end":{"line":101,"column":34}},{"start":{"line":101,"column":31},"end":{"line":102,"column":32}}],"line":101},"17":{"loc":{"start":{"line":108,"column":17},"end":{"line":228,"column":17}},"type":"cond-expr","locations":[{"start":{"line":108,"column":26},"end":{"line":181,"column":18}},{"start":{"line":181,"column":6},"end":{"line":228,"column":17}}],"line":108},"18":{"loc":{"start":{"line":115,"column":23},"end":{"line":115,"column":null}},"type":"binary-expr","locations":[{"start":{"line":115,"column":23},"end":{"line":115,"column":26}},{"start":{"line":115,"column":23},"end":{"line":115,"column":null}}],"line":115},"19":{"loc":{"start":{"line":129,"column":27},"end":{"line":130,"column":48}},"type":"cond-expr","locations":[{"start":{"line":129,"column":33},"end":{"line":129,"column":80}},{"start":{"line":129,"column":50},"end":{"line":130,"column":48}}],"line":129},"20":{"loc":{"start":{"line":139,"column":20},"end":{"line":139,"column":null}},"type":"binary-expr","locations":[{"start":{"line":139,"column":20},"end":{"line":139,"column":22}},{"start":{"line":139,"column":20},"end":{"line":139,"column":null}}],"line":139},"21":{"loc":{"start":{"line":142,"column":23},"end":{"line":142,"column":95}},"type":"cond-expr","locations":[{"start":{"line":142,"column":35},"end":{"line":142,"column":95}},{"start":{"line":142,"column":35},"end":{"line":142,"column":95}}],"line":142},"22":{"loc":{"start":{"line":142,"column":35},"end":{"line":144,"column":50}},"type":"cond-expr","locations":[{"start":{"line":143,"column":34},"end":{"line":143,"column":66}},{"start":{"line":143,"column":54},"end":{"line":144,"column":50}}],"line":142},"23":{"loc":{"start":{"line":150,"column":18},"end":{"line":173,"column":null}},"type":"cond-expr","locations":[{"start":{"line":150,"column":18},"end":{"line":173,"column":null}}],"line":150},"24":{"loc":{"start":{"line":166,"column":18},"end":{"line":154,"column":97}},"type":"binary-expr","locations":[{"start":{"line":166,"column":18},"end":{"line":166,"column":null}},{"start":{"line":166,"column":18},"end":{"line":154,"column":97}}],"line":166},"25":{"loc":{"start":{"line":156,"column":32},"end":{"line":156,"column":null}},"type":"binary-expr","locations":[{"start":{"line":156,"column":32},"end":{"line":156,"column":40}},{"start":{"line":156,"column":32},"end":{"line":156,"column":null}}],"line":156},"26":{"loc":{"start":{"line":162,"column":14},"end":{"line":165,"column":18}},"type":"binary-expr","locations":[{"start":{"line":162,"column":14},"end":{"line":162,"column":17}},{"start":{"line":162,"column":14},"end":{"line":165,"column":18}}],"line":162},"27":{"loc":{"start":{"line":175,"column":18},"end":{"line":169,"column":104}},"type":"binary-expr","locations":[{"start":{"line":175,"column":18},"end":{"line":175,"column":null}},{"start":{"line":175,"column":18},"end":{"line":169,"column":104}}],"line":175},"28":{"loc":{"start":{"line":171,"column":25},"end":{"line":171,"column":null}},"type":"binary-expr","locations":[{"start":{"line":171,"column":25},"end":{"line":171,"column":35}},{"start":{"line":171,"column":25},"end":{"line":171,"column":null}}],"line":171},"29":{"loc":{"start":{"line":184,"column":32},"end":{"line":184,"column":null}},"type":"cond-expr","locations":[{"start":{"line":184,"column":42},"end":{"line":184,"column":null}},{"start":{"line":184,"column":42},"end":{"line":184,"column":null}}],"line":184},"30":{"loc":{"start":{"line":187,"column":19},"end":{"line":187,"column":null}},"type":"binary-expr","locations":[{"start":{"line":187,"column":19},"end":{"line":187,"column":29}},{"start":{"line":187,"column":19},"end":{"line":187,"column":null}}],"line":187},"31":{"loc":{"start":{"line":188,"column":20},"end":{"line":188,"column":null}},"type":"binary-expr","locations":[{"start":{"line":188,"column":20},"end":{"line":188,"column":30}},{"start":{"line":188,"column":20},"end":{"line":188,"column":null}}],"line":188},"32":{"loc":{"start":{"line":201,"column":22},"end":{"line":201,"column":null}},"type":"cond-expr","locations":[{"start":{"line":201,"column":32},"end":{"line":201,"column":null}},{"start":{"line":201,"column":32},"end":{"line":201,"column":null}}],"line":201},"33":{"loc":{"start":{"line":207,"column":28},"end":{"line":210,"column":23}},"type":"cond-expr","locations":[{"start":{"line":207,"column":28},"end":{"line":207,"column":87}},{"start":{"line":207,"column":77},"end":{"line":210,"column":23}}],"line":207},"34":{"loc":{"start":{"line":210,"column":23},"end":{"line":210,"column":23}},"type":"binary-expr","locations":[{"start":{"line":210,"column":23},"end":{"line":210,"column":null}},{"start":{"line":210,"column":23},"end":{"line":210,"column":23}}],"line":210},"35":{"loc":{"start":{"line":212,"column":14},"end":{"line":214,"column":18}},"type":"binary-expr","locations":[{"start":{"line":212,"column":14},"end":{"line":212,"column":17}},{"start":{"line":212,"column":14},"end":{"line":214,"column":18}}],"line":212},"36":{"loc":{"start":{"line":221,"column":21},"end":{"line":221,"column":null}},"type":"binary-expr","locations":[{"start":{"line":221,"column":21},"end":{"line":221,"column":36}},{"start":{"line":221,"column":36},"end":{"line":221,"column":null}}],"line":221},"37":{"loc":{"start":{"line":225,"column":25},"end":{"line":226,"column":46}},"type":"cond-expr","locations":[{"start":{"line":225,"column":31},"end":{"line":225,"column":78}},{"start":{"line":225,"column":48},"end":{"line":226,"column":46}}],"line":225},"38":{"loc":{"start":{"line":231,"column":17},"end":{"line":235,"column":77}},"type":"cond-expr","locations":[{"start":{"line":231,"column":23},"end":{"line":235,"column":77}},{"start":{"line":235,"column":70},"end":{"line":235,"column":77}}],"line":231}},"s":{"0":4,"1":4,"2":4,"3":4,"4":4,"5":4,"6":4,"7":4,"8":4,"9":3,"10":2,"11":0,"12":2,"13":2,"14":1,"15":1,"16":1,"17":2,"18":2,"19":1,"20":1,"21":1,"22":1,"23":1,"24":1,"25":1,"26":1,"27":1,"28":1,"29":1,"30":1,"31":1,"32":1,"33":1,"34":1,"35":0,"36":0,"37":0,"38":0,"39":1,"40":1,"41":1,"42":1,"43":1,"44":1,"45":1,"46":1,"47":1,"48":1,"49":1,"50":1,"51":1,"52":13,"53":0,"54":1,"55":2,"56":4,"57":1,"58":1,"59":1,"60":0,"61":0,"62":3},"f":{"0":3,"1":2,"2":2,"3":1,"4":0,"5":0,"6":1,"7":2,"8":4,"9":1,"10":1,"11":1,"12":0,"13":0,"14":3},"b":{"0":[2,1],"1":[0,2],"2":[1,0],"3":[1,0],"4":[1,0],"5":[1,0],"6":[1,1],"7":[1,0],"8":[0,0],"9":[0,0],"10":[0,0],"11":[10,3],"12":[13,4],"13":[13,4],"14":[3,10],"15":[13,4],"16":[13,4],"17":[10,3],"18":[10,4],"19":[0,4],"20":[10,4],"21":[3,7],"22":[7,3],"23":[3,null],"24":[3,1],"25":[3,1],"26":[3,1],"27":[3,1],"28":[3,1],"29":[0,3],"30":[3,1],"31":[3,1],"32":[0,3],"33":[1,2],"34":[2,1],"35":[3,1],"36":[3,3],"37":[0,3],"38":[1,12]},"meta":{"lastBranch":39,"lastFunction":15,"lastStatement":63,"seen":{"s:10:6:10:Infinity":0,"s:11:6:11:Infinity":1,"s:12:6:12:Infinity":2,"s:13:6:13:Infinity":3,"s:14:6:14:Infinity":4,"s:15:6:15:Infinity":5,"s:16:6:16:Infinity":6,"s:17:6:17:Infinity":7,"s:19:13:19:Infinity":8,"f:21:15:21:24":0,"b:22:2:61:Infinity:51:9:61:Infinity":0,"s:22:2:61:Infinity":9,"b:23:4:23:Infinity:undefined:undefined:undefined:undefined":1,"s:23:4:23:Infinity":10,"s:23:20:23:Infinity":11,"s:25:4:30:Infinity":12,"s:26:6:26:Infinity":13,"s:28:6:28:Infinity":14,"s:29:6:29:Infinity":15,"s:32:27:35:Infinity":16,"f:34:11:34:19":1,"s:34:19:34:30":17,"f:35:14:35:22":2,"s:35:22:35:37":18,"s:37:4:42:Infinity":19,"b:44:4:50:Infinity:undefined:undefined:undefined:undefined":2,"s:44:4:50:Infinity":20,"s:45:6:45:Infinity":21,"s:46:6:46:Infinity":22,"s:47:6:47:Infinity":23,"s:48:6:48:Infinity":24,"s:49:6:49:Infinity":25,"b:52:4:60:Infinity:undefined:undefined:undefined:undefined":3,"s:52:4:60:Infinity":26,"s:54:26:54:Infinity":27,"s:55:6:55:Infinity":28,"b:56:6:59:Infinity:undefined:undefined:undefined:undefined":4,"s:56:6:59:Infinity":29,"s:57:8:57:Infinity":30,"s:58:8:58:Infinity":31,"f:64:9:64:22":3,"s:65:17:65:Infinity":32,"b:66:2:68:Infinity:undefined:undefined:undefined:undefined":5,"s:66:2:68:Infinity":33,"b:66:6:66:22:66:22:66:47":6,"s:67:4:67:Infinity":34,"b:67:17:67:36:67:36:67:Infinity":7,"f:71:9:71:16":4,"s:72:2:72:Infinity":35,"s:73:23:73:Infinity":36,"b:74:2:76:Infinity:undefined:undefined:undefined:undefined":8,"s:74:2:76:Infinity":37,"b:74:6:74:22:74:22:74:47":9,"s:75:4:75:Infinity":38,"b:75:17:75:36:75:36:75:Infinity":10,"s:81:7:81:Infinity":39,"s:83:9:83:Infinity":40,"s:109:13:109:Infinity":41,"s:110:15:110:Infinity":42,"s:111:17:111:Infinity":43,"s:135:15:135:Infinity":44,"s:153:17:153:Infinity":45,"s:168:17:168:Infinity":46,"s:181:18:181:Infinity":47,"s:205:17:205:Infinity":48,"s:206:17:206:Infinity":49,"s:232:13:232:Infinity":50,"s:235:11:235:59":51,"s:81:2:235:77":52,"b:86:25:86:Infinity:86:25:86:Infinity":11,"b:89:14:89:16:89:14:89:Infinity":12,"f:89:14:89:16":5,"s:89:16:89:Infinity":53,"b:91:30:91:33:91:30:92:32":13,"b:96:25:96:Infinity:96:25:96:Infinity":14,"b:99:14:99:16:99:14:99:Infinity":15,"f:99:14:99:16":6,"s:99:16:99:Infinity":54,"b:101:31:101:34:101:31:102:32":16,"b:108:26:181:18:181:6:228:17":17,"b:115:23:115:26:115:23:115:Infinity":18,"f:115:23:115:26":7,"s:115:23:115:Infinity":55,"f:129:12:129:27":8,"s:129:80:132:19":56,"b:129:33:129:80:129:50:130:48":19,"b:139:20:139:22:139:20:139:Infinity":20,"f:139:20:139:22":9,"s:139:22:139:Infinity":57,"b:142:35:142:95:142:35:142:95":21,"b:143:34:143:66:143:54:144:50":22,"b:150:18:173:Infinity":23,"b:166:18:166:Infinity:166:18:154:97":24,"b:156:32:156:40:156:32:156:Infinity":25,"f:156:32:156:40":10,"s:156:32:156:Infinity":58,"b:162:14:162:17:162:14:165:18":26,"b:175:18:175:Infinity:175:18:169:104":27,"b:171:25:171:35:171:25:171:Infinity":28,"f:171:25:171:35":11,"s:171:25:171:Infinity":59,"b:184:42:184:Infinity:184:42:184:Infinity":29,"b:187:19:187:29:187:19:187:Infinity":30,"f:187:19:187:29":12,"s:187:29:187:Infinity":60,"b:188:20:188:30:188:20:188:Infinity":31,"f:188:20:188:30":13,"s:188:30:188:Infinity":61,"b:201:32:201:Infinity:201:32:201:Infinity":32,"b:207:28:207:87:207:77:210:23":33,"b:210:23:210:Infinity:210:23:210:23":34,"b:212:14:212:17:212:14:214:18":35,"b:221:21:221:36:221:36:221:Infinity":36,"f:225:10:225:25":14,"s:225:78:228:17":62,"b:225:31:225:78:225:48:226:46":37,"b:231:23:235:77:235:70:235:77":38}}}
,"/home/irahardianto/works/projects/qurio/apps/frontend/src/features/sources/SourceList.vue": {"path":"/home/irahardianto/works/projects/qurio/apps/frontend/src/features/sources/SourceList.vue","statementMap":{"0":{"start":{"line":15,"column":6},"end":{"line":15,"column":null}},"1":{"start":{"line":17,"column":21},"end":{"line":21,"column":null}},"2":{"start":{"line":18,"column":2},"end":{"line":20,"column":null}},"3":{"start":{"line":19,"column":4},"end":{"line":19,"column":null}},"4":{"start":{"line":23,"column":21},"end":{"line":25,"column":null}},"5":{"start":{"line":24,"column":2},"end":{"line":24,"column":null}},"6":{"start":{"line":27,"column":0},"end":{"line":30,"column":null}},"7":{"start":{"line":28,"column":2},"end":{"line":28,"column":null}},"8":{"start":{"line":29,"column":2},"end":{"line":29,"column":null}},"9":{"start":{"line":32,"column":0},"end":{"line":34,"column":null}},"10":{"start":{"line":33,"column":2},"end":{"line":33,"column":null}},"11":{"start":{"line":38,"column":7},"end":{"line":38,"column":null}},"12":{"start":{"line":86,"column":15},"end":{"line":86,"column":68}},"13":{"start":{"line":38,"column":2},"end":{"line":115,"column":33}},"14":{"start":{"line":58,"column":6},"end":{"line":115,"column":33}},"15":{"start":{"line":84,"column":21},"end":{"line":115,"column":33}},"16":{"start":{"line":69,"column":22},"end":{"line":82,"column":35}},"17":{"start":{"line":68,"column":136},"end":{"line":68,"column":136}},"18":{"start":{"line":88,"column":16},"end":{"line":89,"column":62}},"19":{"start":{"line":99,"column":19},"end":{"line":115,"column":33}},"20":{"start":{"line":96,"column":20},"end":{"line":96,"column":null}},"21":{"start":{"line":99,"column":10},"end":{"line":99,"column":19}},"22":{"start":{"line":104,"column":20},"end":{"line":104,"column":null}},"23":{"start":{"line":106,"column":36},"end":{"line":106,"column":36}},"24":{"start":{"line":113,"column":20},"end":{"line":113,"column":null}},"25":{"start":{"line":115,"column":33},"end":{"line":115,"column":33}}},"fnMap":{"0":{"name":"(anonymous_0)","decl":{"start":{"line":17,"column":21},"end":{"line":17,"column":28}},"loc":{"start":{"line":17,"column":43},"end":{"line":21,"column":null}},"line":17},"1":{"name":"(anonymous_1)","decl":{"start":{"line":23,"column":21},"end":{"line":23,"column":28}},"loc":{"start":{"line":23,"column":43},"end":{"line":25,"column":null}},"line":23},"2":{"name":"(anonymous_2)","decl":{"start":{"line":27,"column":10},"end":{"line":27,"column":16}},"loc":{"start":{"line":27,"column":16},"end":{"line":30,"column":1}},"line":27},"3":{"name":"(anonymous_3)","decl":{"start":{"line":32,"column":12},"end":{"line":32,"column":18}},"loc":{"start":{"line":32,"column":18},"end":{"line":34,"column":1}},"line":32},"4":{"name":"(anonymous_4)","decl":{"start":{"line":59,"column":38},"end":{"line":59,"column":null}},"loc":{"start":{"line":5
[...]
tart":{"line":100,"column":6},"end":{"line":100,"column":null}},"37":{"start":{"line":101,"column":6},"end":{"line":101,"column":null}},"38":{"start":{"line":103,"column":6},"end":{"line":103,"column":null}},"39":{"start":{"line":108,"column":4},"end":{"line":108,"column":null}},"40":{"start":{"line":109,"column":4},"end":{"line":109,"column":null}},"41":{"start":{"line":110,"column":4},"end":{"line":118,"column":null}},"42":{"start":{"line":111,"column":18},"end":{"line":111,"column":null}},"43":{"start":{"line":112,"column":6},"end":{"line":112,"column":null}},"44":{"start":{"line":112,"column":19},"end":{"line":112,"column":null}},"45":{"start":{"line":113,"column":6},"end":{"line":113,"column":null}},"46":{"start":{"line":113,"column":48},"end":{"line":113,"column":59}},"47":{"start":{"line":115,"column":6},"end":{"line":115,"column":null}},"48":{"start":{"line":117,"column":6},"end":{"line":117,"column":null}},"49":{"start":{"line":122,"column":4},"end":{"line":122,"column":null}},"50":{"start":{"line":123,"column":4},"end":{"line":123,"column":null}},"51":{"start":{"line":124,"column":4},"end":{"line":131,"column":null}},"52":{"start":{"line":125,"column":18},"end":{"line":125,"column":null}},"53":{"start":{"line":126,"column":6},"end":{"line":126,"column":null}},"54":{"start":{"line":126,"column":19},"end":{"line":126,"column":null}},"55":{"start":{"line":128,"column":6},"end":{"line":128,"column":null}},"56":{"start":{"line":130,"column":6},"end":{"line":130,"column":null}},"57":{"start":{"line":135,"column":4},"end":{"line":135,"column":null}},"58":{"start":{"line":136,"column":4},"end":{"line":136,"column":null}},"59":{"start":{"line":137,"column":4},"end":{"line":158,"column":null}},"60":{"start":{"line":138,"column":23},"end":{"line":138,"column":null}},"61":{"start":{"line":139,"column":6},"end":{"line":139,"column":null}},"62":{"start":{"line":141,"column":18},"end":{"line":144,"column":null}},"63":{"start":{"line":145,"column":6},"end":{"line":148,"column":null}},"64":{"start":{"line":146,"column":26},"end":{"line":146,"column":null}},"65":{"start":{"line":146,"column":56},"end":{"line":146,"column":59}},"66":{"start":{"line":147,"column":8},"end":{"line":147,"column":null}},"67":{"start":{"line":149,"column":19},"end":{"line":149,"column":null}},"68":{"start":{"line":150,"column":6},"end":{"line":150,"column":null}},"69":{"start":{"line":151,"column":6},"end":{"line":151,"column":null}},"70":{"start":{"line":153,"column":6},"end":{"line":153,"column":null}},"71":{"start":{"line":154,"column":6},"end":{"line":154,"column":null}},"72":{"start":{"line":155,"column":6},"end":{"line":155,"column":null}},"73":{"start":{"line":157,"column":6},"end":{"line":157,"column":null}},"74":{"start":{"line":162,"column":4},"end":{"line":162,"column":null}},"75":{"start":{"line":163,"column":4},"end":{"line":163,"column":null}},"76":{"start":{"line":164,"column":4},"end":{"line":174,"column":null}},"77":{"start":{"line":165,"column":18},"end":{"line":165,"column":null}},"78":{"start":{"line":166,"column":6},"end":{"line":166,"column":null}},"79":{"start":{"line":166,"column":19},"end":{"line":166,"column":null}},"80":{"start":{"line":167,"column":19},"end":{"line":167,"column":null}},"81":{"start":{"line":168,"column":6},"end":{"line":168,"column":null}},"82":{"start":{"line":170,"column":6},"end":{"line":170,"column":null}},"83":{"start":{"line":171,"column":6},"end":{"line":171,"column":null}},"84":{"start":{"line":173,"column":6},"end":{"line":173,"column":null}},"85":{"start":{"line":178,"column":4},"end":{"line":186,"column":null}},"86":{"start":{"line":179,"column":18},"end":{"line":179,"column":null}},"87":{"start":{"line":180,"column":6},"end":{"line":180,"column":null}},"88":{"start":{"line":180,"column":19},"end":{"line":180,"column":null}},"89":{"start":{"line":181,"column":19},"end":{"line":181,"column":null}},"90":{"start":{"line":182,"column":6},"end":{"line":182,"column":null}},"91":{"start":{"line":184,"column":6},"end":{"line":184,"column":null}},"92":{"start":{"line":185,"column":6},"end":{"line":185,"column":null}},"93":{"start":{"line":189,"column":2},"end":{"line":202,"column":null}}},"fnMap":{"0":{"name":"(anonymous_0)","decl":{"start":{"line":40,"column":53},"end":{"line":40,"column":59}},"loc":{"start":{"line":40,"column":59},"end":{"line":203,"column":1}},"line":40},"1":{"name":"fetchSources","decl":{"start":{"line":46,"column":17},"end":{"line":46,"column":30}},"loc":{"start":{"line":46,"column":50},"end":{"line":62,"column":null}},"line":46},"2":{"name":"startPolling","decl":{"start":{"line":64,"column":11},"end":{"line":64,"column":26}},"loc":{"start":{"line":64,"column":26},"end":{"line":74,"column":null}},"line":64},"3":{"name":"(anonymous_3)","decl":{"start":{"line":66,"column":34},"end":{"line":66,"column":40}},"loc":{"start":{"line":66,"column":40},"end":{"line":73,"column":7}},"line":66},"4":{"name":"(anonymous_4)","decl":{"start":{"line":67,"column":50},"end":{"line":67,"column":null}},"loc":{"start":{"line":68,"column":8},"end":{"line":68,"column":null}},"line":68},"5":{"name":"stopPolling","decl":{"start":{"line":76,"column":11},"end":{"line":76,"column":25}},"loc":{"start":{"line":76,"column":25},"end":{"line":81,"column":null}},"line":76},"6":{"name":"addSource","decl":{"start":{"line":83,"column":17},"end":{"line":83,"column":27}},"loc":{"start":{"line":83,"column":55},"end":{"line":105,"column":null}},"line":83},"7":{"name":"deleteSource","decl":{"start":{"line":107,"column":17},"end":{"line":107,"column":30}},"loc":{"start":{"line":107,"column":42},"end":{"line":119,"column":null}},"line":107},"8":{"name":"(anonymous_8)","decl":{"start":{"line":113,"column":43},"end":{"line":113,"column":48}},"loc":{"start":{"line":113,"column":48},"end":{"line":113,"column":59}},"line":113},"9":{"name":"resyncSource","decl":{"start":{"line":121,"column":17},"end":{"line":121,"column":30}},"loc":{"start":{"line":121,"column":42},"end":{"line":132,"column":null}},"line":121},"10":{"name":"uploadSource","decl":{"start":{"line":134,"column":17},"end":{"line":134,"column":30}},"loc":{"start":{"line":134,"column":42},"end":{"line":159,"column":null}},"line":134},"11":{"name":"(anonymous_11)","decl":{"start":{"line":146,"column":49},"end":{"line":146,"column":56}},"loc":{"start":{"line":146,"column":56},"end":{"line":146,"column":59}},"line":146},"12":{"name":"getSource","decl":{"start":{"line":161,"column":17},"end":{"line":161,"column":27}},"loc":{"start":{"line":161,"column":39},"end":{"line":175,"column":null}},"line":161},"13":{"name":"getSourcePages","decl":{"start":{"line":177,"column":17},"end":{"line":177,"column":32}},"loc":{"start":{"line":177,"column":44},"end":{"line":187,"column":null}},"line":177}},"branchMap":{"0":{"loc":{"start":{"line":46,"column":30},"end":{"line":46,"column":50}},"type":"default-arg","locations":[{"start":{"line":46,"column":43},"end":{"line":46,"column":50}}],"line":46},"1":{"loc":{"start":{"line":47,"column":4},"end":{"line":47,"column":null}},"type":"if","locations":[{"start":{"line":47,"column":4},"end":{"line":47,"column":null}},{"start":{},"end":{}}],"line":47},"2":{"loc":{"start":{"line":51,"column":6},"end":{"line":53,"column":null}},"type":"if","locations":[{"start":{"line":51,"column":6},"end":{"line":53,"column":null}},{"start":{},"end":{}}],"line":51},"3":{"loc":{"start":{"line":55,"column":22},"end":{"line":55,"column":null}},"type":"binary-expr","locations":[{"start":{"line":55,"column":22},"end":{"line":55,"column":35}},{"start":{"line":55,"column":35},"end":{"line":55,"column":null}}],"line":55},"4":{"loc":{"start":{"line":57,"column":20},"end":{"line":57,"column":null}},"type":"binary-expr","locations":[{"start":{"line":57,"column":20},"end":{"line":57,"column":33}},{"start":{"line":57,"column":33},"end":{"line":57,"column":null}}],"line":57},"5":{"loc":{"start":{"line":60,"column":6},"end":{"line":60,"column":null}},"type":"if","locations":[{"start":{"line":60,"column":6},"end":{"line":60,"column":null}},{"start":{},"end":{}}],"line":60},"6":{"loc":{"start":{"line":65,"column":4},"end":{"line":65,"column":null}},"type":"if","locations":[{"start":{"line":65,"column":4},"end":{"line":65,"column":null}},{"start":{},"end":{}}],"line":65},"7":{"loc":{"start":{"line":68,"column":8},"end":{"line":68,"column":null}},"type":"binary-expr","locations":[{"start":{"line":68,"column":8},"end":{"line":68,"column":37}},{"start":{"line":68,"column":37},"end":{"line":68,"column":63}},{"start":{"line":68,"column":63},"end":{"line":68,"column":null}}],"line":68},"8":{"loc":{"start":{"line":70,"column":6},"end":{"line":72,"column":null}},"type":"if","locations":[{"start":{"line":70,"column":6},"end":{"line":72,"column":null}},{"start":{},"end":{}}],"line":70},"9":{"loc":{"start":{"line":77,"column":4},"end":{"line":80,"column":null}},"type":"if","locations":[{"start":{"line":77,"column":4},"end":{"line":80,"column":null}},{"start":{},"end":{}}],"line":77},"10":{"loc":{"start":{"line":94,"column":6},"end":{"line":96,"column":null}},"type":"if","locations":[{"start":{"line":94,"column":6},"end":{"line":96,"column":null}},{"start":{},"end":{}}],"line":94},"11":{"loc":{"start":{"line":100,"column":20},"end":{"line":100,"column":null}},"type":"binary-expr","locations":[{"start":{"line":100,"column":20},"end":{"line":100,"column":33}},{"start":{"line":100,"column":33},"end":{"line":100,"column":null}}],"line":100},"12":{"loc":{"start":{"line":112,"column":6},"end":{"line":112,"column":null}},"type":"if","locations":[{"start":{"line":112,"column":6},"end":{"line":112,"column":null}},{"start":{},"end":{}}],"line":112},"13":{"loc":{"start":{"line":115,"column":20},"end":{"line":115,"column":null}},"type":"binary-expr","locations":[{"start":{"line":115,"column":20},"end":{"line":115,"column":33}},{"start":{"line":115,"column":33},"end":{"line":115,"column":null}}],"line":115},"14":{"loc":{"start":{"line":126,"column":6},"end":{"line":126,"column":null}},"type":"if","locations":[{"start":{"line":126,"column":6},"end":{"line":126,"column":null}},{"start":{},"end":{}}],"line":126},"15":{"loc":{"start":{"line":128,"column":20},"end":{"line":128,"column":null}},"type":"binary-expr","locations":[{"start":{"line":128,"column":20},"end":{"line":128,"column":33}},{"start":{"line":128,"column":33},"end":{"line":128,"column":null}}],"line":128},"16":{"loc":{"start":{"line":145,"column":6},"end":{"line":148,"column":null}},"type":"if","locations":[{"start":{"line":145,"column":6},"end":{"line":148,"column":null}},{"start":{},"end":{}}],"line":145},"17":{"loc":{"start":{"line":147,"column":24},"end":{"line":147,"column":96}},"type":"binary-expr","locations":[{"start":{"line":147,"column":24},"end":{"line":147,"column":52}},{"start":{"line":147,"column":52},"end":{"line":147,"column":96}}],"line":147},"18":{"loc":{"start":{"line":153,"column":20},"end":{"line":153,"column":null}},"type":"binary-expr","locations":[{"start":{"line":153,"column":20},"end":{"line":153,"column":33}},{"start":{"line":153,"column":33},"end":{"line":153,"column":null}}],"line":153},"19":{"loc":{"start":{"line":166,"column":6},"end":{"line":166,"column":null}},"type":"if","locations":[{"start":{"line":166,"column":6},"end":{"line":166,"column":null}},{"start":{},"end":{}}],"line":166},"20":{"loc":{"start":{"line":170,"column":20},"end":{"line":170,"column":null}},"type":"binary-expr","locations":[{"start":{"line":170,"column":20},"end":{"line":170,"column":33}},{"start":{"line":170,"column":33},"end":{"line":170,"column":null}}],"line":170},"21":{"loc":{"start":{"line":180,"column":6},"end":{"line":180,"column":null}},"type":"if","locations":[{"start":{"line":180,"column":6},"end":{"line":180,"column":null}},{"start":{},"end":{}}],"line":180}},"s":{"0":3,"1":21,"2":21,"3":21,"4":21,"5":3,"6":2,"7":3,"8":3,"9":3,"10":3,"11":1,"12":2,"13":2,"14":1,"15":1,"16":3,"17":2,"18":1,"19":0,"20":1,"21":1,"22":1,"23":1,"24":1,"25":1,"26":1,"27":1,"28":2,"29":2,"30":2,"31":2,"32":2,"33":1,"34":1,"35":1,"36":1,"37":1,"38":2,"39":1,"40":1,"41":1,"42":1,"43":1,"44":0,"45":1,"46":1,"47":0,"48":1,"49":1,"50":1,"51":1,"52":1,"53":1,"54":0,"55":0,"56":1,"57":2,"58":2,"59":2,"60":2,"61":2,"62":2,"63":2,"64":1,"65":0,"66":1,"67":1,"68":1,"69":1,"70":1,"71":1,"72":1,"73":2,"74":1,"75":1,"76":1,"77":1,"78":1,"79":0,"80":1,"81":1,"82":0,"83":0,"84":1,"85":1,"86":1,"87":1,"88":0,"89":1,"90":1,"91":0,"92":0,"93":21},"f":{"0":21,"1":3,"2":1,"3":1,"4":1,"5":1,"6":2,"7":1,"8":1,"9":1,"10":2,"11":0,"12":1,"13":1},"b":{"0":[3],"1":[2,1],"2":[1,2],"3":[2,0],"4":[1,0],"5":[2,1],"6":[0,1],"7":[1,0,0],"8":[1,0],"9":[1,0],"10":[1,1],"11":[1,0],"12":[0,1],"13":[0,0],"14":[0,1],"15":[0,0],"16":[1,1],"17":[1,0],"18":[1,0],"19":[0,1],"20":[0,0],"21":[0,1]},"meta":{"lastBranch":22,"lastFunction":14,"lastStatement":94,"seen":{"s:40:13:203:Infinity":0,"f:40:53:40:59":0,"s:41:8:41:Infinity":1,"s:42:8:42:Infinity":2,"s:43:8:43:Infinity":3,"s:44:29:44:Infinity":4,"f:46:17:46:30":1,"b:46:43:46:50":0,"b:47:4:47:Infinity:undefined:undefined:undefined:undefined":1,"s:47:4:47:Infinity":5,"s:47:21:47:Infinity":6,"s:48:4:48:Infinity":7,"s:49:4:61:Infinity":8,"s:50:18:50:Infinity":9,"b:51:6:53:Infinity:undefined:undefined:undefined:undefined":2,"s:51:6:53:Infinity":10,"s:52:8:52:Infinity":11,"s:54:19:54:Infinity":12,"s:55:6:55:Infinity":13,"b:55:22:55:35:55:35:55:Infinity":3,"s:57:6:57:Infinity":14,"b:57:20:57:33:57:33:57:Infinity":4,"s:58:6:58:Infinity":15,"b:60:6:60:Infinity:undefined:undefined:undefined:undefined":5,"s:60:6:60:Infinity":16,"s:60:23:60:Infinity":17,"f:64:11:64:26":2,"b:65:4:65:Infinity:undefined:undefined:undefined:undefined":6,"s:65:4:65:Infinity":18,"s:65:25:65:Infinity":19,"s:66:4:73:Infinity":20,"f:66:34:66:40":3,"s:67:31:69:Infinity":21,"f:67:50:67:Infinity":4,"s:68:8:68:Infinity":22,"b:68:8:68:37:68:37:68:63:68:63:68:Infinity":7,"b:70:6:72:Infinity:undefined:undefined:undefined:undefined":8,"s:70:6:72:Infinity":23,"s:71:8:71:Infinity":24,"f:76:11:76:25":5,"b:77:4:80:Infinity:undefined:undefined:undefined:undefined":9,"s:77:4:80:Infinity":25,"s:78:6:78:Infinity":26,"s:79:6:79:Infinity":27,"f:83:17:83:27":6,"s:84:4:84:Infinity":28,"s:85:4:85:Infinity":29,"s:86:4:104:Infinity":30,"s:87:18:93:Infinity":31,"b:94:6:96:Infinity:undefined:undefined:undefined:undefined":10,"s:94:6:96:Infinity":32,"s:95:8:95:Infinity":33,"s:97:19:97:Infinity":34,"s:98:6:98:Infinity":35,"s:100:6:100:Infinity":36,"b:100:20:100:33:100:33:100:Infinity":11,"s:101:6:101:Infinity":37,"s:103:6:103:Infinity":38,"f:107:17:107:30":7,"s:108:4:108:Infinity":39,"s:109:4:109:Infinity":40,"s:110:4:118:Infinity":41,"s:111:18:111:Infinity":42,"b:112:6:112:Infinity:undefined:undefined:undefined:undefined":12,"s:112:6:112:Infinity":43,"s:112:19:112:Infinity":44,"s:113:6:113:Infinity":45,"f:113:43:113:48":8,"s:113:48:113:59":46,"s:115:6:115:Infinity":47,"b:115:20:115:33:115:33:115:Infinity":13,"s:117:6:117:Infinity":48,"f:121:17:121:30":9,"s:122:4:122:Infinity":49,"s:123:4:123:Infinity":50,"s:124:4:131:Infinity":51,"s:125:18:125:Infinity":52,"b:126:6:126:Infinity:undefined:undefined:undefined:undefined":14,"s:126:6:126:Infinity":53,"s:126:19:126:Infinity":54,"s:128:6:128:Infinity":55,"b:128:20:128:33:128:33:128:Infinity":15,"s:130:6:130:Infinity":56,"f:134:17:134:30":10,"s:135:4:135:Infinity":57,"s:136:4:136:Infinity":58,"s:137:4:158:Infinity":59,"s:138:23:138:Infinity":60,"s:139:6:139:Infinity":61,"s:141:18:144:Infinity":62,"b:145:6:148:Infinity:undefined:undefined:undefined:undefined":16,"s:145:6:148:Infinity":63,"s:146:26:146:Infinity":64,"f:146:49:146:56":11,"s:146:56:146:59":65,"s:147:8:147:Infinity":66,"b:147:24:147:52:147:52:147:96":17,"s:149:19:149:Infinity":67,"s:150:6:150:Infinity":68,"s:151:6:151:Infinity":69,"s:153:6:153:Infinity":70,"b:153:20:153:33:153:33:153:Infinity":18,"s:154:6:154:Infinity":71,"s:155:6:155:Infinity":72,"s:157:6:157:Infinity":73,"f:161:17:161:27":12,"s:162:4:162:Infinity":74,"s:163:4:163:Infinity":75,"s:164:4:174:Infinity":76,"s:165:18:165:Infinity":77,"b:166:6:166:Infinity:undefined:undefined:undefined:undefined":19,"s:166:6:166:Infinity":78,"s:166:19:166:Infinity":79,"s:167:19:167:Infinity":80,"s:168:6:168:Infinity":81,"s:170:6:170:Infinity":82,"b:170:20:170:33:170:33:170:Infinity":20,"s:171:6:171:Infinity":83,"s:173:6:173:Infinity":84,"f:177:17:177:32":13,"s:178:4:186:Infinity":85,"s:179:18:179:Infinity":86,"b:180:6:180:Infinity:undefined:undefined:undefined:undefined":21,"s:180:6:180:Infinity":87,"s:180:19:180:Infinity":88,"s:181:19:181:Infinity":89,"s:182:6:182:Infinity":90,"s:184:6:184:Infinity":91,"s:185:6:185:Infinity":92,"s:189:2:202:Infinity":93}}}
,"/home/irahardianto/works/projects/qurio/apps/frontend/src/features/stats/stats.store.ts": {"path":"/home/irahardianto/works/projects/qurio/apps/frontend/src/features/stats/stats.store.ts","statementMap":{"0":{"start":{"line":10,"column":13},"end":{"line":31,"column":null}},"1":{"start":{"line":11,"column":8},"end":{"line":11,"column":null}},"2":{"start":{"line":12,"column":8},"end":{"line":12,"column":null}},"3":{"start":{"line":13,"column":8},"end":{"line":13,"column":null}},"4":{"start":{"line":16,"column":4},"end":{"line":16,"column":null}},"5":{"start":{"line":17,"column":4},"end":{"line":17,"column":null}},"6":{"start":{"line":18,"column":4},"end":{"line":27,"column":null}},"7":{"start":{"line":19,"column":18},"end":{"line":19,"column":null}},"8":{"start":{"line":20,"column":6},"end":{"line":20,"column":null}},"9":{"start":{"line":20,"column":19},"end":{"line":20,"column":null}},"10":{"start":{"line":21,"column":19},"end":{"line":21,"column":null}},"11":{"start":{"line":22,"column":6},"end":{"line":22,"column":null}},"12":{"start":{"line":24,"column":6},"end":{"line":24,"column":null}},"13":{"start":{"line":26,"column":6},"end":{"line":26,"column":null}},"14":{"start":{"line":30,"column":2},"end":{"line":30,"column":null}}},"fnMap":{"0":{"name":"(anonymous_0)","decl":{"start":{"line":10,"column":50},"end":{"line":10,"column":56}},"loc":{"start":{"line":10,"column":56},"end":{"line":31,"column":1}},"line":10},"1":{"name":"fetchStats","decl":{"start":{"line":15,"column":17},"end":{"line":15,"column":30}},"loc":{"start":{"line":15,"column":30},"end":{"line":28,"column":null}},"line":15}},"branchMap":{"0":{"loc":{"start":{"line":20,"column":6},"end":{"line":20,"column":null}},"type":"if","locations":[{"start":{"line":20,"column":6},"end":{"line":20,"column":null}},{"start":{},"end":{}}],"line":20},"1":{"loc":{"start":{"line":24,"column":20},"end":{"line":24,"column":null}},"type":"binary-expr","locations":[{"start":{"line":24,"column":20},"end":{"line":24,"column":33}},{"start":{"line":24,"column":33},"end":{"line":24,"column":null}}],"line":24}},"s":{"0":1,"1":3,"2":3,"3":3,"4":2,"5":2,"6":2,"7":2,"8":2,"9":1,"10":1,"11":1,"12":1,"13":2,"14":3},"f":{"0":3,"1":2},"b":{"0":[1,1],"1":[1,0]},"meta":{"lastBranch":2,"lastFunction":2,"lastStatement":15,"seen":{"s:10:13:31:Infinity":0,"f:10:50:10:56":0,"s:11:8:11:Infinity":1,"s:12:8:12:Infinity":2,"s:13:8:13:Infinity":3,"f:15:17:15:30":1,"s:16:4:16:Infinity":4,"s:17:4:17:Infinity":5,"s:18:4:27:Infinity":6,"s:19:18:19:Infinity":7,"b:20:6:20:Infinity:undefined:undefined:undefined:undefined":0,"s:20:6:20:Infinity":8,"s:20:19:20:Infinity":9,"s:21:19:21:Infinity":10,"s:22:6:22:Infinity":11,"s:24:6:24:Infinity":12,"b:24:20:24:33:24:33:24:Infinity":1,"s:26:6:26:Infinity":13,"s:30:2:30:Infinity":14}}}
,"/home/irahardianto/works/projects/qurio/apps/frontend/src/lib/utils.ts": {"path":"/home/irahardianto/works/projects/qurio/apps/frontend/src/lib/utils.ts","statementMap":{"0":{"start":{"line":6,"column":2},"end":{"line":6,"column":null}}},"fnMap":{"0":{"name":"cn","decl":{"start":{"line":5,"column":16},"end":{"line":5,"column":22}},"loc":{"start":{"line":5,"column":44},"end":{"line":7,"column":null}},"line":5}},"branchMap":{},"s":{"0":42},"f":{"0":42},"b":{},"meta":{"lastBranch":0,"lastFunction":1,"lastStatement":1,"seen":{"f:5:16:5:22":0,"s:6:2:6:Infinity":0}}}
}
