TN:
SF:src/components/ui/StatusBadge.vue
FN:9,(anonymous_0)
FN:31,(anonymous_1)
FNF:2
FNH:0
FNDA:0,(anonymous_0)
FNDA:0,(anonymous_1)
DA:5,0
DA:9,0
DA:10,0
DA:13,0
DA:17,0
DA:19,0
DA:21,0
DA:27,0
DA:31,0
LF:9
LH:0
BRDA:10,0,0,0
BRDA:10,0,1,0
BRDA:10,0,2,0
BRDA:10,0,3,0
BRDA:10,0,4,0
BRDA:10,0,5,0
BRDA:10,0,6,0
BRF:7
BRH:0
end_of_record
TN:
SF:src/components/ui/badge/Badge.vue
FNF:0
FNH:0
DA:7,0
DA:14,0
LF:2
LH:0
BRF:0
BRH:0
end_of_record
TN:
SF:src/components/ui/badge/index.ts
FNF:0
FNH:0
DA:6,2
LF:1
LH:1
BRF:0
BRH:0
end_of_record
TN:
SF:src/components/ui/button/Button.vue
FN:26,(anonymous_0)
FNF:1
FNH:1
FNDA:5,(anonymous_0)
DA:15,3
DA:21,5
DA:26,5
LF:3
LH:3
BRF:0
BRH:0
end_of_record
TN:
SF:src/components/ui/button/index.ts
FNF:0
FNH:0
DA:6,3
LF:1
LH:1
BRF:0
BRH:0
end_of_record
TN:
SF:src/components/ui/card/Card.vue
FNF:0
FNH:0
DA:5,0
DA:11,0
LF:2
LH:0
BRF:0
BRH:0
end_of_record
TN:
SF:src/components/ui/card/CardContent.vue
FNF:0
FNH:0
DA:5,0
DA:11,0
LF:2
LH:0
BRF:0
BRH:0
end_of_record
TN:
SF:src/components/ui/card/CardDescription.vue
FNF:0
FNH:0
DA:5,0
DA:11,0
LF:2
LH:0
BRF:0
BRH:0
end_of_record
TN:
SF:src/components/ui/card/CardFooter.vue
FNF:0
FNH:0
DA:5,0
DA:11,0
LF:2
LH:0
BRF:0
BRH:0
end_of_record
TN:
SF:src/components/ui/card/CardHeader.vue
FNF:0
FNH:0
DA:5,0
DA:11,0
LF:2
LH:0
BRF:0
BRH:0
end_of_record
TN:
SF:src/components/ui/card/CardTitle.vue
FNF:0
FNH:0
DA:5,0
DA:11,0
LF:2
LH:0
BRF:0
BRH:0
end_of_record
TN:
SF:src/components/ui/card/index.ts
FNF:0
FNH:0
LF:0
LH:0
BRF:0
BRH:0
end_of_record
TN:
SF:src/components/ui/input/Input.vue
FN:26,(anonymous_0)
FNF:1
FNH:0
FNDA:0,(anonymous_0)
DA:6,7
DA:12,7
DA:16,7
DA:23,7
DA:24,0
LF:5
LH:4
BRDA:26,0,0,7
BRDA:26,0,1,7
BRF:2
BRH:2
end_of_record
TN:
SF:src/components/ui/input/index.ts
FNF:0
FNH:0
LF:0
LH:0
BRF:0
BRH:0
end_of_record
TN:
SF:src/components/ui/select/Select.vue
FN:13,(anonymous_0)
FNF:1
FNH:1
FNDA:7,(anonymous_0)
DA:5,3
DA:6,3
DA:8,3
DA:12,4
DA:13,7
LF:5
LH:5
BRF:0
BRH:0
end_of_record
TN:
SF:src/components/ui/select/SelectContent.vue
FN:33,(anonymous_0)
FN:43,(anonymous_1)
FN:45,(anonymous_2)
FNF:3
FNH:3
FNDA:3,(anonymous_0)
FNDA:3,(anonymous_1)
FNDA:3,(anonymous_2)
DA:18,3
DA:24,3
DA:26,3
DA:28,3
DA:32,3
DA:43,3
DA:45,3
DA:48,3
LF:8
LH:8
BRDA:35,0,0,3
BRDA:35,0,1,3
BRDA:44,1,0,3
BRDA:44,1,1,3
BRF:4
BRH:4
end_of_record
TN:
SF:src/components/ui/select/SelectGroup.vue
FN:18,(anonymous_0)
FNF:1
FNH:0
FNDA:0,(anonymous_0)
DA:8,0
DA:10,0
DA:14,0
DA:18,0
LF:4
LH:0
BRF:0
BRH:0
end_of_record
TN:
SF:src/components/ui/select/SelectItem.vue
FN:31,(anonymous_0)
FN:33,(anonymous_1)
FN:38,(anonymous_2)
FNF:3
FNH:3
FNDA:20,(anonymous_0)
FNDA:7,(anonymous_1)
FNDA:20,(anonymous_2)
DA:14,9
DA:16,9
DA:18,9
DA:22,9
DA:31,1
DA:33,7
DA:35,20
DA:38,20
LF:8
LH:8
BRF:0
BRH:0
end_of_record
TN:
SF:src/components/ui/select/SelectItemText.vue
FN:10,(anonymous_0)
FNF:1
FNH:0
FNDA:0,(anonymous_0)
DA:5,0
DA:9,0
DA:10,0
LF:3
LH:0
BRF:0
BRH:0
end_of_record
TN:
SF:src/components/ui/select/SelectLabel.vue
FN:12,(anonymous_0)
FNF:1
FNH:0
FNDA:0,(anonymous_0)
DA:7,0
DA:11,0
DA:12,0
LF:3
LH:0
BRF:0
BRH:0
end_of_record
TN:
SF:src/components/ui/select/SelectScrollDownButton.vue
FN:21,(anonymous_0)
FNF:1
FNH:0
FNDA:0,(anonymous_0)
DA:9,3
DA:11,3
DA:13,3
DA:17,3
DA:23,0
LF:5
LH:4
BRF:0
BRH:0
end_of_record
TN:
SF:src/components/ui/select/SelectScrollUpButton.vue
FN:21,(anonymous_0)
FNF:1
FNH:0
FNDA:0,(anonymous_0)
DA:9,3
DA:11,3
DA:13,3
DA:17,3
DA:23,0
LF:5
LH:4
BRF:0
BRH:0
end_of_record
TN:
SF:src/components/ui/select/SelectSeparator.vue
FNF:0
FNH:0
DA:8,0
DA:10,0
DA:14,0
LF:3
LH:0
BRF:0
BRH:0
end_of_record
TN:
SF:src/components/ui/select/SelectTrigger.vue
FN:24,(anonymous_0)
FN:26,(anonymous_1)
FNF:2
FNH:2
FNDA:4,(anonymous_0)
FNDA:4,(anonymous_1)
DA:9,3
DA:11,3
DA:13,3
DA:17,3
DA:24,4
DA:26,4
LF:6
LH:6
BRF:0
BRH:0
end_of_record
TN:
SF:src/components/ui/select/SelectValue.vue
FN:10,(anonymous_0)
FNF:1
FNH:1
FNDA:7,(anonymous_0)
DA:5,3
DA:9,3
DA:10,7
LF:3
LH:3
BRF:0
BRH:0
end_of_record
TN:
SF:src/components/ui/select/index.ts
FNF:0
FNH:0
LF:0
LH:0
BRF:0
BRH:0
end_of_record
TN:
SF:src/components/ui/textarea/Textarea.vue
FN:26,(anonymous_0)
FNF:1
FNH:0
FNDA:0,(anonymous_0)
DA:6,0
DA:12,0
DA:16,0
DA:23,0
DA:24,0
LF:5
LH:0
BRDA:26,0,0,0
BRDA:26,0,1,0
BRF:2
BRH:0
end_of_record
TN:
SF:src/components/ui/textarea/index.ts
FNF:0
FNH:0
LF:0
LH:0
BRF:0
BRH:0
end_of_record
TN:
SF:src/components/ui/tooltip/Tooltip.vue
FN:12,(anonymous_0)
FNF:1
FNH:1
FNDA:6,(anonymous_0)
DA:4,6
DA:5,6
DA:7,6
DA:11,6
DA:12,6
LF:5
LH:5
BRF:0
BRH:0
end_of_record
TN:
SF:src/components/ui/tooltip/TooltipContent.vue
FN:16,(anonymous_0)
FN:30,(anonymous_1)
FNF:2
FNH:1
FNDA:6,(anonymous_0)
FNDA:0,(anonymous_1)
DA:10,6
DA:14,6
DA:16,6
DA:17,6
DA:19,6
DA:22,6
DA:26,6
DA:30,0
LF:8
LH:7
BRF:0
BRH:0
end_of_record
TN:
SF:src/components/ui/tooltip/TooltipProvider.vue
FN:9,(anonymous_0)
FNF:1
FNH:1
FNDA:6,(anonymous_0)
DA:4,6
DA:8,6
DA:9,6
LF:3
LH:3
BRF:0
BRH:0
end_of_record
TN:
SF:src/components/ui/tooltip/TooltipTrigger.vue
FN:9,(anonymous_0)
FNF:1
FNH:1
FNDA:6,(anonymous_0)
DA:4,6
DA:8,6
DA:9,6
LF:3
LH:3
BRF:0
BRH:0
end_of_record
TN:
SF:src/components/ui/tooltip/index.ts
FNF:0
FNH:0
LF:0
LH:0
BRF:0
BRH:0
end_of_record
TN:
SF:src/features/jobs/job.store.ts
FN:14,(anonymous_0)
FN:19,fetchFailedJobs
FN:34,retryJob
FN:41,(anonymous_3)
FNF:4
FNH:4
FNDA:4,(anonymous_0)
FNDA:2,fetchFailedJobs
FNDA:1,retryJob
FNDA:1,(anonymous_3)
DA:14,1
DA:15,4
DA:16,4
DA:17,4
DA:20,2
DA:21,2
DA:22,2
DA:23,2
DA:24,2
DA:25,1
DA:26,1
DA:28,1
DA:30,2
DA:35,1
DA:36,1
DA:37,1
DA:38,1
DA:39,1
DA:41,1
DA:43,0
DA:45,1
DA:49,4
LF:22
LH:21
BRDA:24,0,0,1
BRDA:24,0,1,1
BRDA:28,1,0,1
BRDA:28,1,1,0
BRDA:39,2,0,0
BRDA:39,2,1,1
BRDA:43,3,0,0
BRDA:43,3,1,0
BRF:8
BRH:4
end_of_record
TN:
SF:src/features/settings/Settings.vue
FN:24,(anonymous_0)
FN:48,(anonymous_1)
FN:65,(anonymous_2)
FN:66,(anonymous_3)
FN:67,(anonymous_4)
FN:70,(anonymous_5)
FN:76,(anonymous_6)
FN:94,(anonymous_7)
FN:95,(anonymous_8)
FN:96,(anonymous_9)
FN:99,(anonymous_10)
FN:106,(anonymous_11)
FN:115,(anonymous_12)
FN:116,(anonymous_13)
FN:117,(anonymous_14)
FN:120,(anonymous_15)
FN:120,(anonymous_16)
FN:121,(anonymous_17)
FN:122,(anonymous_18)
FN:137,(anonymous_19)
FN:149,(anonymous_20)
FNF:21
FNH:14
FNDA:3,(anonymous_0)
FNDA:0,(anonymous_1)
FNDA:3,(anonymous_2)
FNDA:3,(anonymous_3)
FNDA:3,(anonymous_4)
FNDA:0,(anonymous_5)
FNDA:0,(anonymous_6)
FNDA:3,(anonymous_7)
FNDA:3,(anonymous_8)
FNDA:3,(anonymous_9)
FNDA:0,(anonymous_10)
FNDA:0,(anonymous_11)
FNDA:0,(anonymous_12)
FNDA:7,(anonymous_13)
FNDA:4,(anonymous_14)
FNDA:3,(anonymous_15)
FNDA:7,(anonymous_16)
FNDA:7,(anonymous_17)
FNDA:6,(anonymous_18)
FNDA:0,(anonymous_19)
FNDA:5,(anonymous_20)
DA:22,3
DA:24,3
DA:25,3
DA:30,5
DA:44,1
DA:48,0
DA:58,1
DA:59,1
DA:60,1
DA:62,1
DA:67,3
DA:68,3
DA:70,0
DA:72,3
DA:77,0
DA:90,1
DA:91,1
DA:96,3
DA:97,3
DA:99,0
DA:101,3
DA:106,0
DA:113,1
DA:115,0
DA:117,4
DA:118,7
DA:120,7
DA:121,7
DA:122,6
DA:137,0
DA:152,5
LF:31
LH:24
BRDA:32,0,0,1
BRDA:32,0,1,4
BRDA:38,1,0,0
BRDA:38,1,1,5
BRDA:56,2,0,5
BRDA:56,2,1,3
BRDA:48,3,0,5
BRDA:48,3,1,3
BRDA:53,4,0,5
BRDA:53,4,1,3
BRDA:63,5,0,5
BRDA:63,5,1,3
BRDA:70,6,0,0
BRDA:70,6,1,0
BRDA:76,7,0,5
BRDA:76,7,1,3
BRDA:84,8,0,5
BRDA:84,8,1,3
BRDA:103,9,0,5
BRDA:103,9,1,3
BRDA:99,10,0,0
BRDA:99,10,1,0
BRDA:106,11,0,5
BRDA:106,11,1,3
BRDA:128,12,0,5
BRDA:128,12,1,3
BRDA:115,13,0,5
BRDA:115,13,1,3
BRDA:120,14,0,7
BRDA:120,14,1,3
BRDA:121,15,0,7
BRDA:121,15,1,3
BRDA:122,16,0,6
BRDA:122,16,1,3
BRDA:125,17,0,5
BRDA:125,17,1,3
BRDA:131,18,0,1
BRDA:131,18,1,NaN
BRDA:142,19,0,1
BRDA:142,19,1,1
BRDA:137,20,0,1
BRDA:137,20,1,1
BRDA:150,21,0,1
BRDA:150,21,1,4
BRDA:157,22,0,1
BRDA:157,22,1,4
BRF:46
BRH:40
end_of_record
TN:
SF:src/features/settings/settings.store.ts
FN:4,(anonymous_0)
FN:14,fetchSettings
FN:34,updateSettings
FN:52,(anonymous_3)
FNF:4
FNH:3
FNDA:6,(anonymous_0)
FNDA:3,fetchSettings
FNDA:1,updateSettings
FNDA:0,(anonymous_3)
DA:4,2
DA:5,6
DA:6,6
DA:7,6
DA:8,6
DA:9,6
DA:10,6
DA:11,6
DA:12,6
DA:15,3
DA:16,3
DA:17,3
DA:18,3
DA:19,2
DA:20,1
DA:21,1
DA:22,3
DA:23,3
DA:24,3
DA:25,3
DA:26,3
DA:28,2
DA:30,3
DA:35,1
DA:36,1
DA:37,1
DA:38,1
DA:39,1
DA:50,1
DA:51,1
DA:52,1
DA:54,0
DA:56,1
DA:60,6
LF:34
LH:33
BRDA:19,0,0,1
BRDA:19,0,1,1
BRDA:21,1,0,1
BRDA:21,1,1,0
BRDA:22,2,0,3
BRDA:22,2,1,0
BRDA:23,3,0,3
BRDA:23,3,1,1
BRDA:24,4,0,3
BRDA:24,4,1,1
BRDA:25,5,0,3
BRDA:25,5,1,0
BRDA:26,6,0,3
BRDA:26,6,1,1
BRDA:50,7,0,0
BRDA:50,7,1,1
BRF:16
BRH:12
end_of_record
TN:
SF:src/features/sources/SourceForm.vue
FN:21,submit
FN:34,(anonymous_1)
FN:35,(anonymous_2)
FN:64,onFileChange
FN:71,onDrop
FN:89,(anonymous_5)
FN:99,(anonymous_6)
FN:115,(anonymous_7)
FN:129,(anonymous_8)
FN:139,(anonymous_9)
FN:156,(anonymous_10)
FN:171,(anonymous_11)
FN:187,(anonymous_12)
FN:188,(anonymous_13)
FN:225,(anonymous_14)
FNF:15
FNH:11
FNDA:3,submit
FNDA:2,(anonymous_1)
FNDA:2,(anonymous_2)
FNDA:1,onFileChange
FNDA:0,onDrop
FNDA:0,(anonymous_5)
FNDA:1,(anonymous_6)
FNDA:2,(anonymous_7)
FNDA:4,(anonymous_8)
FNDA:1,(anonymous_9)
FNDA:1,(anonymous_10)
FNDA:1,(anonymous_11)
FNDA:0,(anonymous_12)
FNDA:0,(anonymous_13)
FNDA:3,(anonymous_14)
DA:10,4
DA:11,4
DA:12,4
DA:13,4
DA:14,4
DA:15,4
DA:16,4
DA:17,4
DA:19,4
DA:22,3
DA:23,2
DA:25,2
DA:26,2
DA:28,1
DA:29,1
DA:32,1
DA:34,2
DA:35,2
DA:37,1
DA:44,1
DA:45,1
DA:46,1
DA:47,1
DA:48,1
DA:49,1
DA:52,1
DA:54,1
DA:55,1
DA:56,1
DA:57,1
DA:58,1
DA:65,1
DA:66,1
DA:67,1
DA:72,0
DA:73,0
DA:74,0
DA:75,0
DA:81,13
DA:83,1
DA:89,0
DA:99,1
DA:109,1
DA:110,1
DA:111,1
DA:115,2
DA:129,4
DA:135,1
DA:139,1
DA:153,1
DA:156,1
DA:168,1
DA:171,1
DA:181,1
DA:187,0
DA:188,0
DA:205,1
DA:206,1
DA:225,3
DA:232,1
DA:235,1
LF:61
LH:54
BRDA:22,0,0,2
BRDA:22,0,1,1
BRDA:23,1,0,0
BRDA:23,1,1,2
BRDA:44,2,0,1
BRDA:44,2,1,0
BRDA:52,3,0,1
BRDA:52,3,1,0
BRDA:56,4,0,1
BRDA:56,4,1,0
BRDA:66,5,0,1
BRDA:66,5,1,0
BRDA:66,6,0,1
BRDA:66,6,1,1
BRDA:67,7,0,1
BRDA:67,7,1,0
BRDA:74,8,0,0
BRDA:74,8,1,0
BRDA:74,9,0,0
BRDA:74,9,1,0
BRDA:75,10,0,0
BRDA:75,10,1,0
BRDA:86,11,0,10
BRDA:86,11,1,3
BRDA:89,12,0,13
BRDA:89,12,1,4
BRDA:91,13,0,13
BRDA:91,13,1,4
BRDA:96,14,0,3
BRDA:96,14,1,10
BRDA:99,15,0,13
BRDA:99,15,1,4
BRDA:101,16,0,13
BRDA:101,16,1,4
BRDA:108,17,0,10
BRDA:108,17,1,3
BRDA:115,18,0,10
BRDA:115,18,1,4
BRDA:129,19,0,0
BRDA:129,19,1,4
BRDA:139,20,0,10
BRDA:139,20,1,4
BRDA:142,21,0,3
BRDA:142,21,1,7
BRDA:142,22,0,7
BRDA:142,22,1,3
BRDA:150,23,0,3
BRDA:150,23,1,NaN
BRDA:166,24,0,3
BRDA:166,24,1,1
BRDA:156,25,0,3
BRDA:156,25,1,1
BRDA:162,26,0,3
BRDA:162,26,1,1
BRDA:175,27,0,3
BRDA:175,27,1,1
BRDA:171,28,0,3
BRDA:171,28,1,1
BRDA:184,29,0,0
BRDA:184,29,1,3
BRDA:187,30,0,3
BRDA:187,30,1,1
BRDA:188,31,0,3
BRDA:188,31,1,1
BRDA:201,32,0,0
BRDA:201,32,1,3
BRDA:207,33,0,1
BRDA:207,33,1,2
BRDA:210,34,0,2
BRDA:210,34,1,1
BRDA:212,35,0,3
BRDA:212,35,1,1
BRDA:221,36,0,3
BRDA:221,36,1,3
BRDA:225,37,0,0
BRDA:225,37,1,3
BRDA:231,38,0,1
BRDA:231,38,1,12
BRF:78
BRH:61
end_of_record
TN:
SF:src/features/sources/SourceList.vue
FN:17,(anonymous_0)
FN:23,(anonymous_1)
FN:27,(anonymous_2)
FN:32,(anonymous_3)
FN:59,(anonymous_4)
FN:63,(anonymous_5)
FN:64,(anonymous_6)
FN:68,(anonymous_7)
FN:86,(anonymous_8)
FN:92,(anonymous_9)
FN:96,(anonymous_10)
FN:97,(anonymous_11)
FN:104,(anonymous_12)
FN:106,(anonymous_13)
FN:113,(anonymous_14)
FN:115,(anonymous_15)
FNF:16
FNH:15
FNDA:2,(anonymous_0)
FNDA:2,(anonymous_1)
FNDA:6,(anonymous_2)
FNDA:1,(anonymous_3)
FNDA:4,(anonymous_4)
FNDA:4,(anonymous_5)
FNDA:4,(anonymous_6)
FNDA:4,(anonymous_7)
FNDA:4,(anonymous_8)
FNDA:4,(anonymous_9)
FNDA:0,(anonymous_10)
FNDA:4,(anonymous_11)
FNDA:2,(anonymous_12)
FNDA:4,(anonymous_13)
FNDA:2,(anonymous_14)
FNDA:4,(anonymous_15)
DA:15,6
DA:17,6
DA:18,2
DA:19,2
DA:23,6
DA:24,2
DA:27,6
DA:28,6
DA:29,6
DA:32,6
DA:33,1
DA:38,6
DA:58,4
DA:68,4
DA:69,4
DA:84,4
DA:86,1
DA:88,4
DA:96,0
DA:99,4
DA:104,2
DA:106,4
DA:113,2
DA:115,4
LF:24
LH:23
BRDA:18,0,0,2
BRDA:18,0,1,0
BRDA:40,1,0,1
BRDA:40,1,1,5
BRDA:40,2,0,6
BRDA:40,2,1,1
BRDA:45,3,0,1
BRDA:45,3,1,1
BRDA:48,4,0,2
BRDA:48,4,1,3
BRDA:68,5,0,1
BRDA:68,5,1,3
BRDA:68,6,0,4
BRDA:68,6,1,1
BRDA:68,7,0,1
BRDA:68,7,1,0
BRDA:71,8,0,3
BRDA:71,8,1,1
BRDA:89,9,0,4
BRDA:89,9,1,2
BRDA:99,10,0,4
BRDA:99,10,1,3
BRF:22
BRH:20
end_of_record
TN:
SF:src/features/sources/SourceProgress.vue
FN:12,(anonymous_0)
FN:14,(anonymous_1)
FN:15,(anonymous_2)
FN:16,(anonymous_3)
FN:17,(anonymous_4)
FN:27,(anonymous_5)
FN:28,(anonymous_6)
FN:29,(anonymous_7)
FN:34,(anonymous_8)
FN:85,(anonymous_9)
FN:96,(anonymous_10)
FNF:11
FNH:11
FNDA:3,(anonymous_0)
FNDA:5,(anonymous_1)
FNDA:5,(anonymous_2)
FNDA:5,(anonymous_3)
FNDA:5,(anonymous_4)
FNDA:3,(anonymous_5)
FNDA:3,(anonymous_6)
FNDA:3,(anonymous_7)
FNDA:3,(anonymous_8)
FNDA:5,(anonymous_9)
FNDA:5,(anonymous_10)
DA:8,3
DA:12,3
DA:13,3
DA:14,5
DA:15,5
DA:16,5
DA:17,5
DA:19,3
DA:21,3
DA:26,3
DA:29,3
DA:31,3
DA:32,3
DA:34,3
DA:35,1
DA:36,1
DA:38,1
DA:40,1
DA:49,1
DA:50,1
DA:52,1
DA:54,1
DA:57,1
DA:59,1
DA:61,1
DA:64,1
DA:66,1
DA:68,1
DA:71,1
DA:73,1
DA:75,1
DA:81,1
DA:83,1
DA:84,5
DA:96,5
LF:35
LH:35
BRDA:19,0,0,2
BRDA:19,0,1,1
BRDA:29,1,0,3
BRDA:29,1,1,3
BRDA:39,2,0,3
BRDA:39,2,1,3
BRDA:55,3,0,3
BRDA:55,3,1,3
BRDA:62,4,0,3
BRDA:62,4,1,3
BRDA:69,5,0,3
BRDA:69,5,1,3
BRDA:76,6,0,3
BRDA:76,6,1,3
BRDA:103,7,0,3
BRDA:103,7,1,3
BRDA:93,8,0,1
BRDA:93,8,1,4
BRDA:93,9,0,1
BRDA:93,9,1,3
BRDA:99,10,0,1
BRDA:99,10,1,2
BRF:22
BRH:22
end_of_record
TN:
SF:src/features/sources/source.store.ts
FN:40,(anonymous_0)
FN:46,fetchSources
FN:64,startPolling
FN:66,(anonymous_3)
FN:67,(anonymous_4)
FN:76,stopPolling
FN:83,addSource
FN:107,deleteSource
FN:113,(anonymous_8)
FN:121,resyncSource
FN:134,uploadSource
FN:146,(anonymous_11)
FN:161,getSource
FN:177,getSourcePages
FNF:14
FNH:13
FNDA:21,(anonymous_0)
FNDA:3,fetchSources
FNDA:1,startPolling
FNDA:1,(anonymous_3)
FNDA:1,(anonymous_4)
FNDA:1,stopPolling
FNDA:2,addSource
FNDA:1,deleteSource
FNDA:1,(anonymous_8)
FNDA:1,resyncSource
FNDA:2,uploadSource
FNDA:0,(anonymous_11)
FNDA:1,getSource
FNDA:1,getSourcePages
DA:40,3
DA:41,21
DA:42,21
DA:43,21
DA:44,21
DA:47,3
DA:48,3
DA:49,3
DA:50,3
DA:51,3
DA:52,1
DA:54,2
DA:55,2
DA:57,1
DA:58,1
DA:60,3
DA:65,1
DA:66,1
DA:67,1
DA:68,1
DA:70,1
DA:71,1
DA:77,1
DA:78,1
DA:79,1
DA:84,2
DA:85,2
DA:86,2
DA:87,2
DA:94,2
DA:95,1
DA:97,1
DA:98,1
DA:100,1
DA:101,1
DA:103,2
DA:108,1
DA:109,1
DA:110,1
DA:111,1
DA:112,1
DA:113,1
DA:115,0
DA:117,1
DA:122,1
DA:123,1
DA:124,1
DA:125,1
DA:126,1
DA:128,0
DA:130,1
DA:135,2
DA:136,2
DA:137,2
DA:138,2
DA:139,2
DA:141,2
DA:145,2
DA:146,1
DA:147,1
DA:149,1
DA:150,1
DA:151,1
DA:153,1
DA:154,1
DA:155,1
DA:157,2
DA:162,1
DA:163,1
DA:164,1
DA:165,1
DA:166,1
DA:167,1
DA:168,1
DA:170,0
DA:171,0
DA:173,1
DA:178,1
DA:179,1
DA:180,1
DA:181,1
DA:182,1
DA:184,0
DA:185,0
DA:189,21
LF:85
LH:79
BRDA:46,0,0,3
BRDA:47,1,0,2
BRDA:47,1,1,1
BRDA:51,2,0,1
BRDA:51,2,1,2
BRDA:55,3,0,2
BRDA:55,3,1,0
BRDA:57,4,0,1
BRDA:57,4,1,0
BRDA:60,5,0,2
BRDA:60,5,1,1
BRDA:65,6,0,0
BRDA:65,6,1,1
BRDA:68,7,0,1
BRDA:68,7,1,0
BRDA:68,7,2,0
BRDA:70,8,0,1
BRDA:70,8,1,0
BRDA:77,9,0,1
BRDA:77,9,1,0
BRDA:94,10,0,1
BRDA:94,10,1,1
BRDA:100,11,0,1
BRDA:100,11,1,0
BRDA:112,12,0,0
BRDA:112,12,1,1
BRDA:115,13,0,0
BRDA:115,13,1,0
BRDA:126,14,0,0
BRDA:126,14,1,1
BRDA:128,15,0,0
BRDA:128,15,1,0
BRDA:145,16,0,1
BRDA:145,16,1,1
BRDA:147,17,0,1
BRDA:147,17,1,0
BRDA:153,18,0,1
BRDA:153,18,1,0
BRDA:166,19,0,0
BRDA:166,19,1,1
BRDA:170,20,0,0
BRDA:170,20,1,0
BRDA:180,21,0,0
BRDA:180,21,1,1
BRF:44
BRH:24
end_of_record
TN:
SF:src/features/stats/stats.store.ts
FN:10,(anonymous_0)
FN:15,fetchStats
FNF:2
FNH:2
FNDA:3,(anonymous_0)
FNDA:2,fetchStats
DA:10,1
DA:11,3
DA:12,3
DA:13,3
DA:16,2
DA:17,2
DA:18,2
DA:19,2
DA:20,2
DA:21,1
DA:22,1
DA:24,1
DA:26,2
DA:30,3
LF:14
LH:14
BRDA:20,0,0,1
BRDA:20,0,1,1
BRDA:24,1,0,1
BRDA:24,1,1,0
BRF:4
BRH:3
end_of_record
TN:
SF:src/lib/utils.ts
FN:5,cn
FNF:1
FNH:1
FNDA:42,cn
DA:6,42
LF:1
LH:1
BRF:0
BRH:0
end_of_record
